-- Found ament_cmake: 2.5.6 (/opt/ros/jazzy/share/ament_cmake/cmake)
-- Found rosidl_default_generators: 1.6.0 (/opt/ros/jazzy/share/rosidl_default_generators/cmake)
-- Using all available rosidl_typesupport_c: rosidl_typesupport_fastrtps_c;rosidl_typesupport_introspection_c
-- Using all available rosidl_typesupport_cpp: rosidl_typesupport_fastrtps_cpp;rosidl_typesupport_introspection_cpp
-- Found rosidl_adapter: 4.6.7 (/opt/ros/jazzy/share/rosidl_adapter/cmake)
-- Found std_msgs: 5.3.7 (/opt/ros/jazzy/share/std_msgs/cmake)
-- Found geometry_msgs: 5.3.7 (/opt/ros/jazzy/share/geometry_msgs/cmake)
-- Found ament_cmake_ros: 0.12.0 (/opt/ros/jazzy/share/ament_cmake_ros/cmake)
-- Using all available rosidl_typesupport_c: rosidl_typesupport_fastrtps_c;rosidl_typesupport_introspection_c
-- Using all available rosidl_typesupport_cpp: rosidl_typesupport_fastrtps_cpp;rosidl_typesupport_introspection_cpp
-- Found python_cmake_module: 0.11.1 (/opt/ros/jazzy/share/python_cmake_module/cmake)
-- Found Python3: /usr/bin/python3 (found version "3.12.3") found components: Interpreter Development NumPy Development.Module Development.Embed 
-- Found Python3: /usr/bin/python3 (found version "3.12.3") found components: Interpreter 
-- Configuring done (10.2s)
-- Generating done (0.3s)
-- Build files have been written to: /home/panik_bel/ros2_ws/build/fake_tag_interfaces
[  2%] Built target fake_tag_interfaces__rosidl_generator_type_description
[  4%] Built target fake_tag_interfaces__rs
[  4%] Built target ament_cmake_python_copy_fake_tag_interfaces
[  6%] Built target fake_tag_interfaces__cpp
[ 24%] Built target fake_tag_interfaces__rosidl_generator_c
running egg_info
writing fake_tag_interfaces.egg-info/PKG-INFO
writing dependency_links to fake_tag_interfaces.egg-info/dependency_links.txt
writing top-level names to fake_tag_interfaces.egg-info/top_level.txt
reading manifest file 'fake_tag_interfaces.egg-info/SOURCES.txt'
writing manifest file 'fake_tag_interfaces.egg-info/SOURCES.txt'
[ 24%] Built target ament_cmake_python_build_fake_tag_interfaces_egg
[ 33%] Built target fake_tag_interfaces__rosidl_typesupport_cpp
[ 42%] Built target fake_tag_interfaces__rosidl_typesupport_fastrtps_c
[ 51%] Built target fake_tag_interfaces__rosidl_typesupport_introspection_c
[ 60%] Built target fake_tag_interfaces__rosidl_typesupport_c
[ 68%] Built target fake_tag_interfaces__rosidl_typesupport_fastrtps_cpp
[ 77%] Built target fake_tag_interfaces__rosidl_typesupport_introspection_cpp
[ 77%] Built target fake_tag_interfaces
[ 80%] Built target fake_tag_interfaces__py
[ 86%] Built target fake_tag_interfaces__rosidl_generator_py
[ 91%] Built target fake_tag_interfaces_s__rosidl_typesupport_fastrtps_c
[ 95%] Built target fake_tag_interfaces_s__rosidl_typesupport_introspection_c
[100%] Built target fake_tag_interfaces_s__rosidl_typesupport_c
-- Install configuration: ""
-- Up-to-date: /home/panik_bel/ros2_ws/install/fake_tag_interfaces/share/ament_index/resource_index/rosidl_interfaces/fake_tag_interfaces
-- Up-to-date: /home/panik_bel/ros2_ws/install/fake_tag_interfaces/share/fake_tag_interfaces/msg/TagDetection.json
-- Up-to-date: /home/panik_bel/ros2_ws/install/fake_tag_interfaces/share/fake_tag_interfaces/msg/TagDetectionArray.json
-- Up-to-date: /home/panik_bel/ros2_ws/install/fake_tag_interfaces/include/fake_tag_interfaces/fake_tag_interfaces
-- Up-to-date: /home/panik_bel/ros2_ws/install/fake_tag_interfaces/include/fake_tag_interfaces/fake_tag_interfaces/msg
-- Up-to-date: /home/panik_bel/ros2_ws/install/fake_tag_interfaces/include/fake_tag_interfaces/fake_tag_interfaces/msg/rosidl_generator_c__visibility_control.h
-- Up-to-date: /home/panik_bel/ros2_ws/install/fake_tag_interfaces/include/fake_tag_interfaces/fake_tag_interfaces/msg/detail
-- Up-to-date: /home/panik_bel/ros2_ws/install/fake_tag_interfaces/include/fake_tag_interfaces/fake_tag_interfaces/msg/detail/tag_detection__description.c
-- Up-to-date: /home/panik_bel/ros2_ws/install/fake_tag_interfaces/include/fake_tag_interfaces/fake_tag_interfaces/msg/detail/tag_detection__functions.c
-- Up-to-date: /home/panik_bel/ros2_ws/install/fake_tag_interfaces/include/fake_tag_interfaces/fake_tag_interfaces/msg/detail/tag_detection_array__functions.h
-- Up-to-date: /home/panik_bel/ros2_ws/install/fake_tag_interfaces/include/fake_tag_interfaces/fake_tag_interfaces/msg/detail/tag_detection__type_support.h
-- Up-to-date: /home/panik_bel/ros2_ws/install/fake_tag_interfaces/include/fake_tag_interfaces/fake_tag_interfaces/msg/detail/tag_detection_array__type_support.h
-- Up-to-date: /home/panik_bel/ros2_ws/install/fake_tag_interfaces/include/fake_tag_interfaces/fake_tag_interfaces/msg/detail/tag_detection_array__struct.h
-- Up-to-date: /home/panik_bel/ros2_ws/install/fake_tag_interfaces/include/fake_tag_interfaces/fake_tag_interfaces/msg/detail/tag_detection_array__functions.c
-- Installing: /home/panik_bel/ros2_ws/install/fake_tag_interfaces/include/fake_tag_interfaces/fake_tag_interfaces/msg/detail/tag_detection__type_support.c
-- Installing: /home/panik_bel/ros2_ws/install/fake_tag_interfaces/include/fake_tag_interfaces/fake_tag_interfaces/msg/detail/tag_detection_array__type_support.c
-- Up-to-date: /home/panik_bel/ros2_ws/install/fake_tag_interfaces/include/fake_tag_interfaces/fake_tag_interfaces/msg/detail/tag_detection__struct.h
-- Up-to-date: /home/panik_bel/ros2_ws/install/fake_tag_interfaces/include/fake_tag_interfaces/fake_tag_interfaces/msg/detail/tag_detection_array__description.c
-- Up-to-date: /home/panik_bel/ros2_ws/install/fake_tag_interfaces/include/fake_tag_interfaces/fake_tag_interfaces/msg/detail/tag_detection__functions.h
-- Up-to-date: /home/panik_bel/ros2_ws/install/fake_tag_interfaces/include/fake_tag_interfaces/fake_tag_interfaces/msg/tag_detection_array.h
-- Up-to-date: /home/panik_bel/ros2_ws/install/fake_tag_interfaces/include/fake_tag_interfaces/fake_tag_interfaces/msg/tag_detection.h
-- Up-to-date: /home/panik_bel/ros2_ws/install/fake_tag_interfaces/share/fake_tag_interfaces/environment/library_path.sh
-- Up-to-date: /home/panik_bel/ros2_ws/install/fake_tag_interfaces/share/fake_tag_interfaces/environment/library_path.dsv
-- Up-to-date: /home/panik_bel/ros2_ws/install/fake_tag_interfaces/lib/libfake_tag_interfaces__rosidl_generator_c.so
-- Up-to-date: /home/panik_bel/ros2_ws/install/fake_tag_interfaces/include/fake_tag_interfaces/fake_tag_interfaces
-- Up-to-date: /home/panik_bel/ros2_ws/install/fake_tag_interfaces/include/fake_tag_interfaces/fake_tag_interfaces/msg
-- Up-to-date: /home/panik_bel/ros2_ws/install/fake_tag_interfaces/include/fake_tag_interfaces/fake_tag_interfaces/msg/rosidl_typesupport_fastrtps_c__visibility_control.h
-- Up-to-date: /home/panik_bel/ros2_ws/install/fake_tag_interfaces/include/fake_tag_interfaces/fake_tag_interfaces/msg/detail
-- Up-to-date: /home/panik_bel/ros2_ws/install/fake_tag_interfaces/include/fake_tag_interfaces/fake_tag_interfaces/msg/detail/tag_detection_array__rosidl_typesupport_fastrtps_c.h
-- Up-to-date: /home/panik_bel/ros2_ws/install/fake_tag_interfaces/include/fake_tag_interfaces/fake_tag_interfaces/msg/detail/tag_detection__rosidl_typesupport_fastrtps_c.h
-- Up-to-date: /home/panik_bel/ros2_ws/install/fake_tag_interfaces/lib/libfake_tag_interfaces__rosidl_typesupport_fastrtps_c.so
-- Up-to-date: /home/panik_bel/ros2_ws/install/fake_tag_interfaces/include/fake_tag_interfaces/fake_tag_interfaces
-- Up-to-date: /home/panik_bel/ros2_ws/install/fake_tag_interfaces/include/fake_tag_interfaces/fake_tag_interfaces/msg
-- Up-to-date: /home/panik_bel/ros2_ws/install/fake_tag_interfaces/include/fake_tag_interfaces/fake_tag_interfaces/msg/detail
-- Up-to-date: /home/panik_bel/ros2_ws/install/fake_tag_interfaces/include/fake_tag_interfaces/fake_tag_interfaces/msg/detail/tag_detection_array__rosidl_typesupport_introspection_c.h
-- Installing: /home/panik_bel/ros2_ws/install/fake_tag_interfaces/include/fake_tag_interfaces/fake_tag_interfaces/msg/detail/tag_detection__type_support.c
-- Installing: /home/panik_bel/ros2_ws/install/fake_tag_interfaces/include/fake_tag_interfaces/fake_tag_interfaces/msg/detail/tag_detection_array__type_support.c
-- Up-to-date: /home/panik_bel/ros2_ws/install/fake_tag_interfaces/include/fake_tag_interfaces/fake_tag_interfaces/msg/detail/tag_detection__rosidl_typesupport_introspection_c.h
-- Up-to-date: /home/panik_bel/ros2_ws/install/fake_tag_interfaces/include/fake_tag_interfaces/fake_tag_interfaces/msg/rosidl_typesupport_introspection_c__visibility_control.h
-- Up-to-date: /home/panik_bel/ros2_ws/install/fake_tag_interfaces/lib/libfake_tag_interfaces__rosidl_typesupport_introspection_c.so
-- Up-to-date: /home/panik_bel/ros2_ws/install/fake_tag_interfaces/lib/libfake_tag_interfaces__rosidl_typesupport_c.so
-- Up-to-date: /home/panik_bel/ros2_ws/install/fake_tag_interfaces/include/fake_tag_interfaces/fake_tag_interfaces
-- Up-to-date: /home/panik_bel/ros2_ws/install/fake_tag_interfaces/include/fake_tag_interfaces/fake_tag_interfaces/msg
-- Up-to-date: /home/panik_bel/ros2_ws/install/fake_tag_interfaces/include/fake_tag_interfaces/fake_tag_interfaces/msg/tag_detection.hpp
-- Up-to-date: /home/panik_bel/ros2_ws/install/fake_tag_interfaces/include/fake_tag_interfaces/fake_tag_interfaces/msg/detail
-- Up-to-date: /home/panik_bel/ros2_ws/install/fake_tag_interfaces/include/fake_tag_interfaces/fake_tag_interfaces/msg/detail/tag_detection_array__builder.hpp
-- Up-to-date: /home/panik_bel/ros2_ws/install/fake_tag_interfaces/include/fake_tag_interfaces/fake_tag_interfaces/msg/detail/tag_detection__type_support.hpp
-- Up-to-date: /home/panik_bel/ros2_ws/install/fake_tag_interfaces/include/fake_tag_interfaces/fake_tag_interfaces/msg/detail/tag_detection__builder.hpp
-- Up-to-date: /home/panik_bel/ros2_ws/install/fake_tag_interfaces/include/fake_tag_interfaces/fake_tag_interfaces/msg/detail/tag_detection__traits.hpp
-- Up-to-date: /home/panik_bel/ros2_ws/install/fake_tag_interfaces/include/fake_tag_interfaces/fake_tag_interfaces/msg/detail/tag_detection_array__type_support.hpp
-- Up-to-date: /home/panik_bel/ros2_ws/install/fake_tag_interfaces/include/fake_tag_interfaces/fake_tag_interfaces/msg/detail/tag_detection_array__struct.hpp
-- Up-to-date: /home/panik_bel/ros2_ws/install/fake_tag_interfaces/include/fake_tag_interfaces/fake_tag_interfaces/msg/detail/tag_detection_array__traits.hpp
-- Up-to-date: /home/panik_bel/ros2_ws/install/fake_tag_interfaces/include/fake_tag_interfaces/fake_tag_interfaces/msg/detail/tag_detection__struct.hpp
-- Up-to-date: /home/panik_bel/ros2_ws/install/fake_tag_interfaces/include/fake_tag_interfaces/fake_tag_interfaces/msg/rosidl_generator_cpp__visibility_control.hpp
-- Up-to-date: /home/panik_bel/ros2_ws/install/fake_tag_interfaces/include/fake_tag_interfaces/fake_tag_interfaces/msg/tag_detection_array.hpp
-- Up-to-date: /home/panik_bel/ros2_ws/install/fake_tag_interfaces/include/fake_tag_interfaces/fake_tag_interfaces
-- Up-to-date: /home/panik_bel/ros2_ws/install/fake_tag_interfaces/include/fake_tag_interfaces/fake_tag_interfaces/msg
-- Up-to-date: /home/panik_bel/ros2_ws/install/fake_tag_interfaces/include/fake_tag_interfaces/fake_tag_interfaces/msg/detail
-- Up-to-date: /home/panik_bel/ros2_ws/install/fake_tag_interfaces/include/fake_tag_interfaces/fake_tag_interfaces/msg/detail/dds_fastrtps
-- Up-to-date: /home/panik_bel/ros2_ws/install/fake_tag_interfaces/include/fake_tag_interfaces/fake_tag_interfaces/msg/detail/tag_detection_array__rosidl_typesupport_fastrtps_cpp.hpp
-- Up-to-date: /home/panik_bel/ros2_ws/install/fake_tag_interfaces/include/fake_tag_interfaces/fake_tag_interfaces/msg/detail/tag_detection__rosidl_typesupport_fastrtps_cpp.hpp
-- Up-to-date: /home/panik_bel/ros2_ws/install/fake_tag_interfaces/include/fake_tag_interfaces/fake_tag_interfaces/msg/rosidl_typesupport_fastrtps_cpp__visibility_control.h
-- Up-to-date: /home/panik_bel/ros2_ws/install/fake_tag_interfaces/lib/libfake_tag_interfaces__rosidl_typesupport_fastrtps_cpp.so
-- Up-to-date: /home/panik_bel/ros2_ws/install/fake_tag_interfaces/include/fake_tag_interfaces/fake_tag_interfaces
-- Up-to-date: /home/panik_bel/ros2_ws/install/fake_tag_interfaces/include/fake_tag_interfaces/fake_tag_interfaces/msg
-- Up-to-date: /home/panik_bel/ros2_ws/install/fake_tag_interfaces/include/fake_tag_interfaces/fake_tag_interfaces/msg/detail
-- Up-to-date: /home/panik_bel/ros2_ws/install/fake_tag_interfaces/include/fake_tag_interfaces/fake_tag_interfaces/msg/detail/tag_detection_array__type_support.cpp
-- Up-to-date: /home/panik_bel/ros2_ws/install/fake_tag_interfaces/include/fake_tag_interfaces/fake_tag_interfaces/msg/detail/tag_detection__type_support.cpp
-- Up-to-date: /home/panik_bel/ros2_ws/install/fake_tag_interfaces/include/fake_tag_interfaces/fake_tag_interfaces/msg/detail/tag_detection_array__rosidl_typesupport_introspection_cpp.hpp
-- Up-to-date: /home/panik_bel/ros2_ws/install/fake_tag_interfaces/include/fake_tag_interfaces/fake_tag_interfaces/msg/detail/tag_detection__rosidl_typesupport_introspection_cpp.hpp
-- Up-to-date: /home/panik_bel/ros2_ws/install/fake_tag_interfaces/lib/libfake_tag_interfaces__rosidl_typesupport_introspection_cpp.so
-- Up-to-date: /home/panik_bel/ros2_ws/install/fake_tag_interfaces/lib/libfake_tag_interfaces__rosidl_typesupport_cpp.so
-- Up-to-date: /home/panik_bel/ros2_ws/install/fake_tag_interfaces/share/fake_tag_interfaces/environment/pythonpath.sh
-- Up-to-date: /home/panik_bel/ros2_ws/install/fake_tag_interfaces/share/fake_tag_interfaces/environment/pythonpath.dsv
-- Up-to-date: /home/panik_bel/ros2_ws/install/fake_tag_interfaces/lib/python3.12/site-packages/fake_tag_interfaces-0.0.0-py3.12.egg-info
-- Installing: /home/panik_bel/ros2_ws/install/fake_tag_interfaces/lib/python3.12/site-packages/fake_tag_interfaces-0.0.0-py3.12.egg-info/PKG-INFO
-- Installing: /home/panik_bel/ros2_ws/install/fake_tag_interfaces/lib/python3.12/site-packages/fake_tag_interfaces-0.0.0-py3.12.egg-info/dependency_links.txt
-- Installing: /home/panik_bel/ros2_ws/install/fake_tag_interfaces/lib/python3.12/site-packages/fake_tag_interfaces-0.0.0-py3.12.egg-info/SOURCES.txt
-- Installing: /home/panik_bel/ros2_ws/install/fake_tag_interfaces/lib/python3.12/site-packages/fake_tag_interfaces-0.0.0-py3.12.egg-info/top_level.txt
-- Up-to-date: /home/panik_bel/ros2_ws/install/fake_tag_interfaces/lib/python3.12/site-packages/fake_tag_interfaces
-- Installing: /home/panik_bel/ros2_ws/install/fake_tag_interfaces/lib/python3.12/site-packages/fake_tag_interfaces/__init__.py
-- Up-to-date: /home/panik_bel/ros2_ws/install/fake_tag_interfaces/lib/python3.12/site-packages/fake_tag_interfaces/fake_tag_interfaces_s__rosidl_typesupport_fastrtps_c.so
-- Up-to-date: /home/panik_bel/ros2_ws/install/fake_tag_interfaces/lib/python3.12/site-packages/fake_tag_interfaces/fake_tag_interfaces_s__rosidl_typesupport_c.so
-- Up-to-date: /home/panik_bel/ros2_ws/install/fake_tag_interfaces/lib/python3.12/site-packages/fake_tag_interfaces/_fake_tag_interfaces_s.ep.rosidl_typesupport_introspection_c.c
-- Up-to-date: /home/panik_bel/ros2_ws/install/fake_tag_interfaces/lib/python3.12/site-packages/fake_tag_interfaces/msg
-- Up-to-date: /home/panik_bel/ros2_ws/install/fake_tag_interfaces/lib/python3.12/site-packages/fake_tag_interfaces/msg/__init__.py
-- Up-to-date: /home/panik_bel/ros2_ws/install/fake_tag_interfaces/lib/python3.12/site-packages/fake_tag_interfaces/msg/_tag_detection_s.c
-- Up-to-date: /home/panik_bel/ros2_ws/install/fake_tag_interfaces/lib/python3.12/site-packages/fake_tag_interfaces/msg/_tag_detection.py
-- Up-to-date: /home/panik_bel/ros2_ws/install/fake_tag_interfaces/lib/python3.12/site-packages/fake_tag_interfaces/msg/_tag_detection_array_s.c
-- Up-to-date: /home/panik_bel/ros2_ws/install/fake_tag_interfaces/lib/python3.12/site-packages/fake_tag_interfaces/msg/_tag_detection_array.py
-- Up-to-date: /home/panik_bel/ros2_ws/install/fake_tag_interfaces/lib/python3.12/site-packages/fake_tag_interfaces/fake_tag_interfaces_s__rosidl_typesupport_introspection_c.so
-- Up-to-date: /home/panik_bel/ros2_ws/install/fake_tag_interfaces/lib/python3.12/site-packages/fake_tag_interfaces/_fake_tag_interfaces_s.ep.rosidl_typesupport_fastrtps_c.c
-- Up-to-date: /home/panik_bel/ros2_ws/install/fake_tag_interfaces/lib/python3.12/site-packages/fake_tag_interfaces/_fake_tag_interfaces_s.ep.rosidl_typesupport_c.c
Listing '/home/panik_bel/ros2_ws/install/fake_tag_interfaces/lib/python3.12/site-packages/fake_tag_interfaces'...
Compiling '/home/panik_bel/ros2_ws/install/fake_tag_interfaces/lib/python3.12/site-packages/fake_tag_interfaces/__init__.py'...
Listing '/home/panik_bel/ros2_ws/install/fake_tag_interfaces/lib/python3.12/site-packages/fake_tag_interfaces/msg'...
-- Up-to-date: /home/panik_bel/ros2_ws/install/fake_tag_interfaces/lib/python3.12/site-packages/fake_tag_interfaces/fake_tag_interfaces_s__rosidl_typesupport_fastrtps_c.so
-- Up-to-date: /home/panik_bel/ros2_ws/install/fake_tag_interfaces/lib/python3.12/site-packages/fake_tag_interfaces/fake_tag_interfaces_s__rosidl_typesupport_introspection_c.so
-- Up-to-date: /home/panik_bel/ros2_ws/install/fake_tag_interfaces/lib/python3.12/site-packages/fake_tag_interfaces/fake_tag_interfaces_s__rosidl_typesupport_c.so
-- Up-to-date: /home/panik_bel/ros2_ws/install/fake_tag_interfaces/lib/libfake_tag_interfaces__rosidl_generator_py.so
-- Up-to-date: /home/panik_bel/ros2_ws/install/fake_tag_interfaces/share/ament_index/resource_index/rust_packages/fake_tag_interfaces
-- Up-to-date: /home/panik_bel/ros2_ws/install/fake_tag_interfaces/share/fake_tag_interfaces/rust
-- Up-to-date: /home/panik_bel/ros2_ws/install/fake_tag_interfaces/share/fake_tag_interfaces/rust/Cargo.toml
-- Up-to-date: /home/panik_bel/ros2_ws/install/fake_tag_interfaces/share/fake_tag_interfaces/rust/build.rs
-- Up-to-date: /home/panik_bel/ros2_ws/install/fake_tag_interfaces/share/fake_tag_interfaces/rust/src
-- Up-to-date: /home/panik_bel/ros2_ws/install/fake_tag_interfaces/share/fake_tag_interfaces/rust/src/lib.rs
-- Up-to-date: /home/panik_bel/ros2_ws/install/fake_tag_interfaces/share/fake_tag_interfaces/rust/src/msg
-- Up-to-date: /home/panik_bel/ros2_ws/install/fake_tag_interfaces/share/fake_tag_interfaces/rust/src/msg/rmw.rs
-- Up-to-date: /home/panik_bel/ros2_ws/install/fake_tag_interfaces/share/fake_tag_interfaces/rust/src/msg.rs
-- Up-to-date: /home/panik_bel/ros2_ws/install/fake_tag_interfaces/share/fake_tag_interfaces/msg/TagDetection.idl
-- Up-to-date: /home/panik_bel/ros2_ws/install/fake_tag_interfaces/share/fake_tag_interfaces/msg/TagDetectionArray.idl
-- Installing: /home/panik_bel/ros2_ws/install/fake_tag_interfaces/share/fake_tag_interfaces/msg/TagDetection.msg
-- Installing: /home/panik_bel/ros2_ws/install/fake_tag_interfaces/share/fake_tag_interfaces/msg/TagDetectionArray.msg
-- Up-to-date: /home/panik_bel/ros2_ws/install/fake_tag_interfaces/share/ament_index/resource_index/package_run_dependencies/fake_tag_interfaces
-- Installing: /home/panik_bel/ros2_ws/install/fake_tag_interfaces/share/ament_index/resource_index/parent_prefix_path/fake_tag_interfaces
-- Up-to-date: /home/panik_bel/ros2_ws/install/fake_tag_interfaces/share/fake_tag_interfaces/environment/ament_prefix_path.sh
-- Up-to-date: /home/panik_bel/ros2_ws/install/fake_tag_interfaces/share/fake_tag_interfaces/environment/ament_prefix_path.dsv
-- Up-to-date: /home/panik_bel/ros2_ws/install/fake_tag_interfaces/share/fake_tag_interfaces/environment/path.sh
-- Up-to-date: /home/panik_bel/ros2_ws/install/fake_tag_interfaces/share/fake_tag_interfaces/environment/path.dsv
-- Up-to-date: /home/panik_bel/ros2_ws/install/fake_tag_interfaces/share/fake_tag_interfaces/local_setup.bash
-- Up-to-date: /home/panik_bel/ros2_ws/install/fake_tag_interfaces/share/fake_tag_interfaces/local_setup.sh
-- Up-to-date: /home/panik_bel/ros2_ws/install/fake_tag_interfaces/share/fake_tag_interfaces/local_setup.zsh
-- Up-to-date: /home/panik_bel/ros2_ws/install/fake_tag_interfaces/share/fake_tag_interfaces/local_setup.dsv
-- Installing: /home/panik_bel/ros2_ws/install/fake_tag_interfaces/share/fake_tag_interfaces/package.dsv
-- Up-to-date: /home/panik_bel/ros2_ws/install/fake_tag_interfaces/share/ament_index/resource_index/packages/fake_tag_interfaces
-- Up-to-date: /home/panik_bel/ros2_ws/install/fake_tag_interfaces/share/fake_tag_interfaces/cmake/export_fake_tag_interfaces__rosidl_generator_cExport.cmake
-- Up-to-date: /home/panik_bel/ros2_ws/install/fake_tag_interfaces/share/fake_tag_interfaces/cmake/export_fake_tag_interfaces__rosidl_generator_cExport-noconfig.cmake
-- Up-to-date: /home/panik_bel/ros2_ws/install/fake_tag_interfaces/share/fake_tag_interfaces/cmake/export_fake_tag_interfaces__rosidl_typesupport_fastrtps_cExport.cmake
-- Up-to-date: /home/panik_bel/ros2_ws/install/fake_tag_interfaces/share/fake_tag_interfaces/cmake/export_fake_tag_interfaces__rosidl_typesupport_fastrtps_cExport-noconfig.cmake
-- Up-to-date: /home/panik_bel/ros2_ws/install/fake_tag_interfaces/share/fake_tag_interfaces/cmake/fake_tag_interfaces__rosidl_typesupport_introspection_cExport.cmake
-- Up-to-date: /home/panik_bel/ros2_ws/install/fake_tag_interfaces/share/fake_tag_interfaces/cmake/fake_tag_interfaces__rosidl_typesupport_introspection_cExport-noconfig.cmake
-- Up-to-date: /home/panik_bel/ros2_ws/install/fake_tag_interfaces/share/fake_tag_interfaces/cmake/fake_tag_interfaces__rosidl_typesupport_cExport.cmake
-- Up-to-date: /home/panik_bel/ros2_ws/install/fake_tag_interfaces/share/fake_tag_interfaces/cmake/fake_tag_interfaces__rosidl_typesupport_cExport-noconfig.cmake
-- Up-to-date: /home/panik_bel/ros2_ws/install/fake_tag_interfaces/share/fake_tag_interfaces/cmake/export_fake_tag_interfaces__rosidl_generator_cppExport.cmake
-- Up-to-date: /home/panik_bel/ros2_ws/install/fake_tag_interfaces/share/fake_tag_interfaces/cmake/export_fake_tag_interfaces__rosidl_typesupport_fastrtps_cppExport.cmake
-- Up-to-date: /home/panik_bel/ros2_ws/install/fake_tag_interfaces/share/fake_tag_interfaces/cmake/export_fake_tag_interfaces__rosidl_typesupport_fastrtps_cppExport-noconfig.cmake
-- Up-to-date: /home/panik_bel/ros2_ws/install/fake_tag_interfaces/share/fake_tag_interfaces/cmake/fake_tag_interfaces__rosidl_typesupport_introspection_cppExport.cmake
-- Up-to-date: /home/panik_bel/ros2_ws/install/fake_tag_interfaces/share/fake_tag_interfaces/cmake/fake_tag_interfaces__rosidl_typesupport_introspection_cppExport-noconfig.cmake
-- Up-to-date: /home/panik_bel/ros2_ws/install/fake_tag_interfaces/share/fake_tag_interfaces/cmake/fake_tag_interfaces__rosidl_typesupport_cppExport.cmake
-- Up-to-date: /home/panik_bel/ros2_ws/install/fake_tag_interfaces/share/fake_tag_interfaces/cmake/fake_tag_interfaces__rosidl_typesupport_cppExport-noconfig.cmake
-- Up-to-date: /home/panik_bel/ros2_ws/install/fake_tag_interfaces/share/fake_tag_interfaces/cmake/export_fake_tag_interfaces__rosidl_generator_pyExport.cmake
-- Up-to-date: /home/panik_bel/ros2_ws/install/fake_tag_interfaces/share/fake_tag_interfaces/cmake/export_fake_tag_interfaces__rosidl_generator_pyExport-noconfig.cmake
-- Up-to-date: /home/panik_bel/ros2_ws/install/fake_tag_interfaces/share/fake_tag_interfaces/cmake/rosidl_cmake-extras.cmake
-- Up-to-date: /home/panik_bel/ros2_ws/install/fake_tag_interfaces/share/fake_tag_interfaces/cmake/ament_cmake_export_dependencies-extras.cmake
-- Up-to-date: /home/panik_bel/ros2_ws/install/fake_tag_interfaces/share/fake_tag_interfaces/cmake/ament_cmake_export_include_directories-extras.cmake
-- Up-to-date: /home/panik_bel/ros2_ws/install/fake_tag_interfaces/share/fake_tag_interfaces/cmake/ament_cmake_export_libraries-extras.cmake
-- Up-to-date: /home/panik_bel/ros2_ws/install/fake_tag_interfaces/share/fake_tag_interfaces/cmake/ament_cmake_export_targets-extras.cmake
-- Up-to-date: /home/panik_bel/ros2_ws/install/fake_tag_interfaces/share/fake_tag_interfaces/cmake/rosidl_cmake_export_typesupport_targets-extras.cmake
-- Up-to-date: /home/panik_bel/ros2_ws/install/fake_tag_interfaces/share/fake_tag_interfaces/cmake/rosidl_cmake_export_typesupport_libraries-extras.cmake
-- Up-to-date: /home/panik_bel/ros2_ws/install/fake_tag_interfaces/share/fake_tag_interfaces/cmake/fake_tag_interfacesConfig.cmake
-- Up-to-date: /home/panik_bel/ros2_ws/install/fake_tag_interfaces/share/fake_tag_interfaces/cmake/fake_tag_interfacesConfig-version.cmake
-- Installing: /home/panik_bel/ros2_ws/install/fake_tag_interfaces/share/fake_tag_interfaces/package.xml
