[7.019s] Invoking command in '/home/panik_bel/ros2_ws/build/fake_tag_publisher': AMENT_PREFIX_PATH=/home/panik_bel/ros2_ws/install/fake_tag_interfaces:${AMENT_PREFIX_PATH} CMAKE_PREFIX_PATH=/home/panik_bel/ros2_ws/install/fake_tag_interfaces:${CMAKE_PREFIX_PATH} DEBUGINFOD_URLS=https://debuginfod.ubuntu.com LD_LIBRARY_PATH=/home/panik_bel/ros2_ws/install/fake_tag_interfaces/lib:${LD_LIBRARY_PATH} PYTHONPATH=/home/panik_bel/ros2_ws/build/fake_tag_publisher/prefix_override:/home/panik_bel/ros2_ws/install/fake_tag_publisher/lib/python3.12/site-packages:/home/panik_bel/ros2_ws/install/fake_tag_interfaces/lib/python3.12/site-packages:${PYTHONPATH} /usr/bin/python3 setup.py develop --editable --build-directory /home/panik_bel/ros2_ws/build/fake_tag_publisher/build --no-deps install_data
[9.885s] running develop
[9.885s] /usr/lib/python3/dist-packages/setuptools/command/develop.py:40: EasyInstallDeprecationWarning: easy_install command is deprecated.
[9.885s] !!
[9.886s] 
[9.886s]         ********************************************************************************
[9.886s]         Please avoid running ``setup.py`` and ``easy_install``.
[9.890s]         Instead, use pypa/build, pypa/installer or other
[9.890s]         standards-based tools.
[9.890s] 
[9.894s]         See https://github.com/pypa/setuptools/issues/917 for details.
[9.900s]         ********************************************************************************
[9.901s] 
[9.902s] !!
[9.903s]   easy_install.initialize_options(self)
[10.261s] /usr/lib/python3/dist-packages/setuptools/_distutils/cmd.py:66: SetuptoolsDeprecationWarning: setup.py install is deprecated.
[10.263s] !!
[10.264s] 
[10.264s]         ********************************************************************************
[10.264s]         Please avoid running ``setup.py`` directly.
[10.264s]         Instead, use pypa/build, pypa/installer or other
[10.269s]         standards-based tools.
[10.269s] 
[10.269s]         See https://blog.ganssle.io/articles/2021/10/setup-py-deprecated.html for details.
[10.269s]         ********************************************************************************
[10.270s] 
[10.270s] !!
[10.270s]   self.initialize_options()
[11.156s] /usr/lib/python3/dist-packages/setuptools/command/easy_install.py:363: UserWarning: Unbuilt egg for pytest-repeat [unknown version] (/usr/lib/python3/dist-packages)
[11.157s]   self.local_index = Environment(self.shadow_path + sys.path)
[11.663s] running egg_info
[11.943s] writing fake_tag_publisher.egg-info/PKG-INFO
[11.949s] writing dependency_links to fake_tag_publisher.egg-info/dependency_links.txt
[11.949s] writing entry points to fake_tag_publisher.egg-info/entry_points.txt
[11.951s] writing requirements to fake_tag_publisher.egg-info/requires.txt
[11.953s] writing top-level names to fake_tag_publisher.egg-info/top_level.txt
[12.273s] reading manifest file 'fake_tag_publisher.egg-info/SOURCES.txt'
[12.274s] writing manifest file 'fake_tag_publisher.egg-info/SOURCES.txt'
[12.448s] running build_ext
[12.449s] Creating /home/panik_bel/ros2_ws/install/fake_tag_publisher/lib/python3.12/site-packages/fake-tag-publisher.egg-link (link to .)
[12.453s] Installing camera_calibrator script to /home/panik_bel/ros2_ws/install/fake_tag_publisher/lib/fake_tag_publisher
[12.458s] Installing fake_tag_node script to /home/panik_bel/ros2_ws/install/fake_tag_publisher/lib/fake_tag_publisher
[12.461s] Installing localization_node script to /home/panik_bel/ros2_ws/install/fake_tag_publisher/lib/fake_tag_publisher
[12.465s] Installing static_tf_node script to /home/panik_bel/ros2_ws/install/fake_tag_publisher/lib/fake_tag_publisher
[12.465s] Installing video_tag_detector script to /home/panik_bel/ros2_ws/install/fake_tag_publisher/lib/fake_tag_publisher
[12.468s] 
[12.468s] Installed /home/panik_bel/ros2_ws/build/fake_tag_publisher
[12.470s] running install_data
[12.470s] copying launch/run_localization_video.launch.py -> /home/panik_bel/ros2_ws/install/fake_tag_publisher/share/fake_tag_publisher/launch
[12.471s] copying config/tags_config.yaml -> /home/panik_bel/ros2_ws/install/fake_tag_publisher/share/fake_tag_publisher/config
[12.471s] copying config/calibration.mp4 -> /home/panik_bel/ros2_ws/install/fake_tag_publisher/share/fake_tag_publisher/config
[12.476s] copying config/robot_drive.mp4 -> /home/panik_bel/ros2_ws/install/fake_tag_publisher/share/fake_tag_publisher/config
[12.703s] Invoked command in '/home/panik_bel/ros2_ws/build/fake_tag_publisher' returned '0': AMENT_PREFIX_PATH=/home/panik_bel/ros2_ws/install/fake_tag_interfaces:${AMENT_PREFIX_PATH} CMAKE_PREFIX_PATH=/home/panik_bel/ros2_ws/install/fake_tag_interfaces:${CMAKE_PREFIX_PATH} DEBUGINFOD_URLS=https://debuginfod.ubuntu.com LD_LIBRARY_PATH=/home/panik_bel/ros2_ws/install/fake_tag_interfaces/lib:${LD_LIBRARY_PATH} PYTHONPATH=/home/panik_bel/ros2_ws/build/fake_tag_publisher/prefix_override:/home/panik_bel/ros2_ws/install/fake_tag_publisher/lib/python3.12/site-packages:/home/panik_bel/ros2_ws/install/fake_tag_interfaces/lib/python3.12/site-packages:${PYTHONPATH} /usr/bin/python3 setup.py develop --editable --build-directory /home/panik_bel/ros2_ws/build/fake_tag_publisher/build --no-deps install_data
