[6.821s] DEBUG:colcon:Command line arguments: ['/usr/bin/colcon', 'build']
[6.821s] DEBUG:colcon:Parsed command line arguments: Namespace(log_base=None, log_level=None, verb_name='build', build_base='build', install_base='install', merge_install=False, symlink_install=False, test_result_base=None, continue_on_error=False, executor='parallel', parallel_workers=2, event_handlers=None, ignore_user_meta=False, metas=['./colcon.meta'], base_paths=['.'], packages_ignore=None, packages_ignore_regex=None, paths=None, packages_up_to=None, packages_up_to_regex=None, packages_above=None, packages_above_and_dependencies=None, packages_above_depth=None, packages_select_by_dep=None, packages_skip_by_dep=None, packages_skip_up_to=None, packages_select_build_failed=False, packages_skip_build_finished=False, packages_select_test_failures=False, packages_skip_test_passed=False, packages_select=None, packages_skip=None, packages_select_regex=None, packages_skip_regex=None, packages_start=None, packages_end=None, cmake_args=None, cmake_target=None, cmake_target_skip_unavailable=False, cmake_clean_cache=False, cmake_clean_first=False, cmake_force_configure=False, ament_cmake_args=None, catkin_cmake_args=None, catkin_skip_building_tests=False, verb_parser=<colcon_defaults.argument_parser.defaults.DefaultArgumentsDecorator object at 0x7aa96417f740>, verb_extension=<colcon_core.verb.build.BuildVerb object at 0x7aa964cc6060>, main=<bound method BuildVerb.main of <colcon_core.verb.build.BuildVerb object at 0x7aa964cc6060>>)
[7.096s] Level 1:colcon.colcon_core.package_discovery:discover_packages(colcon_meta) check parameters
[7.097s] Level 1:colcon.colcon_core.package_discovery:discover_packages(recursive) check parameters
[7.097s] Level 1:colcon.colcon_core.package_discovery:discover_packages(ignore) check parameters
[7.097s] Level 1:colcon.colcon_core.package_discovery:discover_packages(path) check parameters
[7.097s] Level 1:colcon.colcon_core.package_discovery:discover_packages(colcon_meta) discover
[7.097s] Level 1:colcon.colcon_core.package_discovery:discover_packages(recursive) discover
[7.097s] INFO:colcon.colcon_core.package_discovery:Crawling recursively for packages in '/home/panik_bel/ros2_ws'
[7.097s] Level 1:colcon.colcon_core.package_identification:_identify(.) by extensions ['ignore', 'ignore_ament_install']
[7.098s] Level 1:colcon.colcon_core.package_identification:_identify(.) by extension 'ignore'
[7.098s] Level 1:colcon.colcon_core.package_identification:_identify(.) by extension 'ignore_ament_install'
[7.098s] Level 1:colcon.colcon_core.package_identification:_identify(.) by extensions ['colcon_pkg']
[7.098s] Level 1:colcon.colcon_core.package_identification:_identify(.) by extension 'colcon_pkg'
[7.098s] Level 1:colcon.colcon_core.package_identification:_identify(.) by extensions ['colcon_meta']
[7.098s] Level 1:colcon.colcon_core.package_identification:_identify(.) by extension 'colcon_meta'
[7.098s] Level 1:colcon.colcon_core.package_identification:_identify(.) by extensions ['ros']
[7.099s] Level 1:colcon.colcon_core.package_identification:_identify(.) by extension 'ros'
[7.179s] Level 1:colcon.colcon_core.package_identification:_identify(.) by extensions ['cmake', 'python']
[7.179s] Level 1:colcon.colcon_core.package_identification:_identify(.) by extension 'cmake'
[7.179s] Level 1:colcon.colcon_core.package_identification:_identify(.) by extension 'python'
[7.180s] Level 1:colcon.colcon_core.package_identification:_identify(.) by extensions ['python_setup_py']
[7.180s] Level 1:colcon.colcon_core.package_identification:_identify(.) by extension 'python_setup_py'
[7.181s] Level 1:colcon.colcon_core.package_identification:_identify(build) by extensions ['ignore', 'ignore_ament_install']
[7.181s] Level 1:colcon.colcon_core.package_identification:_identify(build) by extension 'ignore'
[7.181s] Level 1:colcon.colcon_core.package_identification:_identify(build) ignored
[7.182s] Level 1:colcon.colcon_core.package_identification:_identify(install) by extensions ['ignore', 'ignore_ament_install']
[7.182s] Level 1:colcon.colcon_core.package_identification:_identify(install) by extension 'ignore'
[7.182s] Level 1:colcon.colcon_core.package_identification:_identify(install) ignored
[7.182s] Level 1:colcon.colcon_core.package_identification:_identify(log) by extensions ['ignore', 'ignore_ament_install']
[7.183s] Level 1:colcon.colcon_core.package_identification:_identify(log) by extension 'ignore'
[7.183s] Level 1:colcon.colcon_core.package_identification:_identify(log) ignored
[7.183s] Level 1:colcon.colcon_core.package_identification:_identify(src) by extensions ['ignore', 'ignore_ament_install']
[7.184s] Level 1:colcon.colcon_core.package_identification:_identify(src) by extension 'ignore'
[7.185s] Level 1:colcon.colcon_core.package_identification:_identify(src) by extension 'ignore_ament_install'
[7.185s] Level 1:colcon.colcon_core.package_identification:_identify(src) by extensions ['colcon_pkg']
[7.185s] Level 1:colcon.colcon_core.package_identification:_identify(src) by extension 'colcon_pkg'
[7.185s] Level 1:colcon.colcon_core.package_identification:_identify(src) by extensions ['colcon_meta']
[7.185s] Level 1:colcon.colcon_core.package_identification:_identify(src) by extension 'colcon_meta'
[7.185s] Level 1:colcon.colcon_core.package_identification:_identify(src) by extensions ['ros']
[7.185s] Level 1:colcon.colcon_core.package_identification:_identify(src) by extension 'ros'
[7.186s] Level 1:colcon.colcon_core.package_identification:_identify(src) by extensions ['cmake', 'python']
[7.186s] Level 1:colcon.colcon_core.package_identification:_identify(src) by extension 'cmake'
[7.186s] Level 1:colcon.colcon_core.package_identification:_identify(src) by extension 'python'
[7.186s] Level 1:colcon.colcon_core.package_identification:_identify(src) by extensions ['python_setup_py']
[7.186s] Level 1:colcon.colcon_core.package_identification:_identify(src) by extension 'python_setup_py'
[7.186s] Level 1:colcon.colcon_core.package_identification:_identify(src/fake_tag_interfaces) by extensions ['ignore', 'ignore_ament_install']
[7.187s] Level 1:colcon.colcon_core.package_identification:_identify(src/fake_tag_interfaces) by extension 'ignore'
[7.187s] Level 1:colcon.colcon_core.package_identification:_identify(src/fake_tag_interfaces) by extension 'ignore_ament_install'
[7.187s] Level 1:colcon.colcon_core.package_identification:_identify(src/fake_tag_interfaces) by extensions ['colcon_pkg']
[7.187s] Level 1:colcon.colcon_core.package_identification:_identify(src/fake_tag_interfaces) by extension 'colcon_pkg'
[7.187s] Level 1:colcon.colcon_core.package_identification:_identify(src/fake_tag_interfaces) by extensions ['colcon_meta']
[7.187s] Level 1:colcon.colcon_core.package_identification:_identify(src/fake_tag_interfaces) by extension 'colcon_meta'
[7.187s] Level 1:colcon.colcon_core.package_identification:_identify(src/fake_tag_interfaces) by extensions ['ros']
[7.187s] Level 1:colcon.colcon_core.package_identification:_identify(src/fake_tag_interfaces) by extension 'ros'
[7.201s] DEBUG:colcon.colcon_core.package_identification:Package 'src/fake_tag_interfaces' with type 'ros.ament_cmake' and name 'fake_tag_interfaces'
[7.201s] Level 1:colcon.colcon_core.package_identification:_identify(src/fake_tag_publisher) by extensions ['ignore', 'ignore_ament_install']
[7.201s] Level 1:colcon.colcon_core.package_identification:_identify(src/fake_tag_publisher) by extension 'ignore'
[7.201s] Level 1:colcon.colcon_core.package_identification:_identify(src/fake_tag_publisher) by extension 'ignore_ament_install'
[7.201s] Level 1:colcon.colcon_core.package_identification:_identify(src/fake_tag_publisher) by extensions ['colcon_pkg']
[7.201s] Level 1:colcon.colcon_core.package_identification:_identify(src/fake_tag_publisher) by extension 'colcon_pkg'
[7.201s] Level 1:colcon.colcon_core.package_identification:_identify(src/fake_tag_publisher) by extensions ['colcon_meta']
[7.202s] Level 1:colcon.colcon_core.package_identification:_identify(src/fake_tag_publisher) by extension 'colcon_meta'
[7.202s] Level 1:colcon.colcon_core.package_identification:_identify(src/fake_tag_publisher) by extensions ['ros']
[7.202s] Level 1:colcon.colcon_core.package_identification:_identify(src/fake_tag_publisher) by extension 'ros'
[7.203s] DEBUG:colcon.colcon_core.package_identification:Package 'src/fake_tag_publisher' with type 'ros.ament_python' and name 'fake_tag_publisher'
[7.203s] Level 1:colcon.colcon_core.package_discovery:discover_packages(recursive) using defaults
[7.203s] Level 1:colcon.colcon_core.package_discovery:discover_packages(ignore) discover
[7.203s] Level 1:colcon.colcon_core.package_discovery:discover_packages(ignore) using defaults
[7.203s] Level 1:colcon.colcon_core.package_discovery:discover_packages(path) discover
[7.203s] Level 1:colcon.colcon_core.package_discovery:discover_packages(path) using defaults
[7.714s] Level 5:colcon.colcon_core.verb:set package 'fake_tag_interfaces' build argument 'cmake_args' from command line to 'None'
[7.714s] Level 5:colcon.colcon_core.verb:set package 'fake_tag_interfaces' build argument 'cmake_target' from command line to 'None'
[7.714s] Level 5:colcon.colcon_core.verb:set package 'fake_tag_interfaces' build argument 'cmake_target_skip_unavailable' from command line to 'False'
[7.714s] Level 5:colcon.colcon_core.verb:set package 'fake_tag_interfaces' build argument 'cmake_clean_cache' from command line to 'False'
[7.714s] Level 5:colcon.colcon_core.verb:set package 'fake_tag_interfaces' build argument 'cmake_clean_first' from command line to 'False'
[7.714s] Level 5:colcon.colcon_core.verb:set package 'fake_tag_interfaces' build argument 'cmake_force_configure' from command line to 'False'
[7.714s] Level 5:colcon.colcon_core.verb:set package 'fake_tag_interfaces' build argument 'ament_cmake_args' from command line to 'None'
[7.714s] Level 5:colcon.colcon_core.verb:set package 'fake_tag_interfaces' build argument 'catkin_cmake_args' from command line to 'None'
[7.715s] Level 5:colcon.colcon_core.verb:set package 'fake_tag_interfaces' build argument 'catkin_skip_building_tests' from command line to 'False'
[7.715s] DEBUG:colcon.colcon_core.verb:Building package 'fake_tag_interfaces' with the following arguments: {'ament_cmake_args': None, 'build_base': '/home/panik_bel/ros2_ws/build/fake_tag_interfaces', 'catkin_cmake_args': None, 'catkin_skip_building_tests': False, 'cmake_args': None, 'cmake_clean_cache': False, 'cmake_clean_first': False, 'cmake_force_configure': False, 'cmake_target': None, 'cmake_target_skip_unavailable': False, 'install_base': '/home/panik_bel/ros2_ws/install/fake_tag_interfaces', 'merge_install': False, 'path': '/home/panik_bel/ros2_ws/src/fake_tag_interfaces', 'symlink_install': False, 'test_result_base': None}
[7.935s] Level 5:colcon.colcon_core.verb:set package 'fake_tag_publisher' build argument 'cmake_args' from command line to 'None'
[7.935s] Level 5:colcon.colcon_core.verb:set package 'fake_tag_publisher' build argument 'cmake_target' from command line to 'None'
[7.935s] Level 5:colcon.colcon_core.verb:set package 'fake_tag_publisher' build argument 'cmake_target_skip_unavailable' from command line to 'False'
[7.935s] Level 5:colcon.colcon_core.verb:set package 'fake_tag_publisher' build argument 'cmake_clean_cache' from command line to 'False'
[7.935s] Level 5:colcon.colcon_core.verb:set package 'fake_tag_publisher' build argument 'cmake_clean_first' from command line to 'False'
[7.935s] Level 5:colcon.colcon_core.verb:set package 'fake_tag_publisher' build argument 'cmake_force_configure' from command line to 'False'
[7.935s] Level 5:colcon.colcon_core.verb:set package 'fake_tag_publisher' build argument 'ament_cmake_args' from command line to 'None'
[7.936s] Level 5:colcon.colcon_core.verb:set package 'fake_tag_publisher' build argument 'catkin_cmake_args' from command line to 'None'
[7.936s] Level 5:colcon.colcon_core.verb:set package 'fake_tag_publisher' build argument 'catkin_skip_building_tests' from command line to 'False'
[7.936s] DEBUG:colcon.colcon_core.verb:Building package 'fake_tag_publisher' with the following arguments: {'ament_cmake_args': None, 'build_base': '/home/panik_bel/ros2_ws/build/fake_tag_publisher', 'catkin_cmake_args': None, 'catkin_skip_building_tests': False, 'cmake_args': None, 'cmake_clean_cache': False, 'cmake_clean_first': False, 'cmake_force_configure': False, 'cmake_target': None, 'cmake_target_skip_unavailable': False, 'install_base': '/home/panik_bel/ros2_ws/install/fake_tag_publisher', 'merge_install': False, 'path': '/home/panik_bel/ros2_ws/src/fake_tag_publisher', 'symlink_install': False, 'test_result_base': None}
[8.233s] INFO:colcon.colcon_core.executor:Executing jobs using 'parallel' executor
[8.377s] DEBUG:colcon.colcon_parallel_executor.executor.parallel:run_until_complete
[8.378s] INFO:colcon.colcon_ros.task.ament_cmake.build:Building ROS package in '/home/panik_bel/ros2_ws/src/fake_tag_interfaces' with build type 'ament_cmake'
[8.381s] INFO:colcon.colcon_cmake.task.cmake.build:Building CMake package in '/home/panik_bel/ros2_ws/src/fake_tag_interfaces'
[8.630s] INFO:colcon.colcon_core.plugin_system:Skipping extension 'colcon_core.shell.bat': Not used on non-Windows systems
[8.631s] DEBUG:colcon.colcon_core.shell:Skip shell extension 'dsv' for command environment
[9.163s] DEBUG:colcon.colcon_core.event_handler.log_command:Invoking command in '/home/panik_bel/ros2_ws/build/fake_tag_interfaces': CMAKE_PREFIX_PATH=${CMAKE_PREFIX_PATH}:/opt/ros/jazzy DEBUGINFOD_URLS=https://debuginfod.ubuntu.com /usr/bin/cmake --build /home/panik_bel/ros2_ws/build/fake_tag_interfaces -- -j2 -l2
[25.478s] DEBUG:colcon.colcon_core.event_handler.log_command:Invoked command in '/home/panik_bel/ros2_ws/build/fake_tag_interfaces' returned '0': CMAKE_PREFIX_PATH=${CMAKE_PREFIX_PATH}:/opt/ros/jazzy DEBUGINFOD_URLS=https://debuginfod.ubuntu.com /usr/bin/cmake --build /home/panik_bel/ros2_ws/build/fake_tag_interfaces -- -j2 -l2
[26.415s] DEBUG:colcon.colcon_core.event_handler.log_command:Invoking command in '/home/panik_bel/ros2_ws/build/fake_tag_interfaces': CMAKE_PREFIX_PATH=${CMAKE_PREFIX_PATH}:/opt/ros/jazzy DEBUGINFOD_URLS=https://debuginfod.ubuntu.com /usr/bin/cmake --install /home/panik_bel/ros2_ws/build/fake_tag_interfaces
[26.922s] Level 1:colcon.colcon_core.environment:create_environment_scripts_only(fake_tag_interfaces)
[26.958s] DEBUG:colcon.colcon_core.event_handler.log_command:Invoked command in '/home/panik_bel/ros2_ws/build/fake_tag_interfaces' returned '0': CMAKE_PREFIX_PATH=${CMAKE_PREFIX_PATH}:/opt/ros/jazzy DEBUGINFOD_URLS=https://debuginfod.ubuntu.com /usr/bin/cmake --install /home/panik_bel/ros2_ws/build/fake_tag_interfaces
[27.115s] Level 1:colcon.colcon_core.environment:checking '/home/panik_bel/ros2_ws/install/fake_tag_interfaces' for CMake module files
[27.118s] Level 1:colcon.colcon_core.environment:checking '/home/panik_bel/ros2_ws/install/fake_tag_interfaces' for CMake config files
[27.119s] Level 1:colcon.colcon_core.shell:create_environment_hook('fake_tag_interfaces', 'cmake_prefix_path')
[27.262s] INFO:colcon.colcon_core.shell:Creating environment descriptor '/home/panik_bel/ros2_ws/install/fake_tag_interfaces/share/fake_tag_interfaces/hook/cmake_prefix_path.dsv'
[27.271s] INFO:colcon.colcon_core.shell:Creating environment hook '/home/panik_bel/ros2_ws/install/fake_tag_interfaces/share/fake_tag_interfaces/hook/cmake_prefix_path.sh'
[27.287s] Level 1:colcon.colcon_core.environment:checking '/home/panik_bel/ros2_ws/install/fake_tag_interfaces/lib'
[27.287s] Level 1:colcon.colcon_core.shell:create_environment_hook('fake_tag_interfaces', 'ld_library_path_lib')
[27.681s] INFO:colcon.colcon_core.shell:Creating environment descriptor '/home/panik_bel/ros2_ws/install/fake_tag_interfaces/share/fake_tag_interfaces/hook/ld_library_path_lib.dsv'
[27.689s] INFO:colcon.colcon_core.shell:Creating environment hook '/home/panik_bel/ros2_ws/install/fake_tag_interfaces/share/fake_tag_interfaces/hook/ld_library_path_lib.sh'
[27.701s] Level 1:colcon.colcon_core.environment:checking '/home/panik_bel/ros2_ws/install/fake_tag_interfaces/bin'
[27.701s] Level 1:colcon.colcon_core.environment:checking '/home/panik_bel/ros2_ws/install/fake_tag_interfaces/lib/pkgconfig/fake_tag_interfaces.pc'
[27.716s] Level 1:colcon.colcon_core.environment:checking '/home/panik_bel/ros2_ws/install/fake_tag_interfaces/lib/python3.12/site-packages'
[27.717s] Level 1:colcon.colcon_core.shell:create_environment_hook('fake_tag_interfaces', 'pythonpath')
[27.912s] INFO:colcon.colcon_core.shell:Creating environment descriptor '/home/panik_bel/ros2_ws/install/fake_tag_interfaces/share/fake_tag_interfaces/hook/pythonpath.dsv'
[27.913s] INFO:colcon.colcon_core.shell:Creating environment hook '/home/panik_bel/ros2_ws/install/fake_tag_interfaces/share/fake_tag_interfaces/hook/pythonpath.sh'
[27.916s] Level 1:colcon.colcon_core.environment:checking '/home/panik_bel/ros2_ws/install/fake_tag_interfaces/bin'
[28.072s] INFO:colcon.colcon_core.shell:Creating package descriptor '/home/panik_bel/ros2_ws/install/fake_tag_interfaces/share/fake_tag_interfaces/package.dsv'
[28.078s] INFO:colcon.colcon_core.shell:Creating package script '/home/panik_bel/ros2_ws/install/fake_tag_interfaces/share/fake_tag_interfaces/package.sh'
[28.084s] INFO:colcon.colcon_core.shell:Creating package script '/home/panik_bel/ros2_ws/install/fake_tag_interfaces/share/fake_tag_interfaces/package.bash'
[28.087s] INFO:colcon.colcon_core.shell:Creating package script '/home/panik_bel/ros2_ws/install/fake_tag_interfaces/share/fake_tag_interfaces/package.zsh'
[28.094s] Level 1:colcon.colcon_core.environment:create_file_with_runtime_dependencies(/home/panik_bel/ros2_ws/install/fake_tag_interfaces/share/colcon-core/packages/fake_tag_interfaces)
[28.964s] Level 1:colcon.colcon_core.environment:create_environment_scripts_only(fake_tag_interfaces)
[29.301s] Level 1:colcon.colcon_core.environment:checking '/home/panik_bel/ros2_ws/install/fake_tag_interfaces' for CMake module files
[29.314s] Level 1:colcon.colcon_core.environment:checking '/home/panik_bel/ros2_ws/install/fake_tag_interfaces' for CMake config files
[29.315s] Level 1:colcon.colcon_core.shell:create_environment_hook('fake_tag_interfaces', 'cmake_prefix_path')
[29.545s] INFO:colcon.colcon_core.shell:Creating environment descriptor '/home/panik_bel/ros2_ws/install/fake_tag_interfaces/share/fake_tag_interfaces/hook/cmake_prefix_path.dsv'
[29.549s] INFO:colcon.colcon_core.shell:Creating environment hook '/home/panik_bel/ros2_ws/install/fake_tag_interfaces/share/fake_tag_interfaces/hook/cmake_prefix_path.sh'
[29.551s] Level 1:colcon.colcon_core.environment:checking '/home/panik_bel/ros2_ws/install/fake_tag_interfaces/lib'
[29.552s] Level 1:colcon.colcon_core.shell:create_environment_hook('fake_tag_interfaces', 'ld_library_path_lib')
[29.814s] INFO:colcon.colcon_core.shell:Creating environment descriptor '/home/panik_bel/ros2_ws/install/fake_tag_interfaces/share/fake_tag_interfaces/hook/ld_library_path_lib.dsv'
[29.818s] INFO:colcon.colcon_core.shell:Creating environment hook '/home/panik_bel/ros2_ws/install/fake_tag_interfaces/share/fake_tag_interfaces/hook/ld_library_path_lib.sh'
[29.829s] Level 1:colcon.colcon_core.environment:checking '/home/panik_bel/ros2_ws/install/fake_tag_interfaces/bin'
[29.829s] Level 1:colcon.colcon_core.environment:checking '/home/panik_bel/ros2_ws/install/fake_tag_interfaces/lib/pkgconfig/fake_tag_interfaces.pc'
[29.830s] Level 1:colcon.colcon_core.environment:checking '/home/panik_bel/ros2_ws/install/fake_tag_interfaces/lib/python3.12/site-packages'
[29.831s] Level 1:colcon.colcon_core.shell:create_environment_hook('fake_tag_interfaces', 'pythonpath')
[30.210s] INFO:colcon.colcon_core.shell:Creating environment descriptor '/home/panik_bel/ros2_ws/install/fake_tag_interfaces/share/fake_tag_interfaces/hook/pythonpath.dsv'
[30.212s] INFO:colcon.colcon_core.shell:Creating environment hook '/home/panik_bel/ros2_ws/install/fake_tag_interfaces/share/fake_tag_interfaces/hook/pythonpath.sh'
[30.218s] Level 1:colcon.colcon_core.environment:checking '/home/panik_bel/ros2_ws/install/fake_tag_interfaces/bin'
[30.439s] INFO:colcon.colcon_core.shell:Creating package descriptor '/home/panik_bel/ros2_ws/install/fake_tag_interfaces/share/fake_tag_interfaces/package.dsv'
[30.442s] INFO:colcon.colcon_core.shell:Creating package script '/home/panik_bel/ros2_ws/install/fake_tag_interfaces/share/fake_tag_interfaces/package.sh'
[30.444s] INFO:colcon.colcon_core.shell:Creating package script '/home/panik_bel/ros2_ws/install/fake_tag_interfaces/share/fake_tag_interfaces/package.bash'
[30.450s] INFO:colcon.colcon_core.shell:Creating package script '/home/panik_bel/ros2_ws/install/fake_tag_interfaces/share/fake_tag_interfaces/package.zsh'
[30.456s] Level 1:colcon.colcon_core.environment:create_file_with_runtime_dependencies(/home/panik_bel/ros2_ws/install/fake_tag_interfaces/share/colcon-core/packages/fake_tag_interfaces)
[30.460s] INFO:colcon.colcon_ros.task.ament_python.build:Building ROS package in '/home/panik_bel/ros2_ws/src/fake_tag_publisher' with build type 'ament_python'
[30.460s] Level 1:colcon.colcon_core.shell:create_environment_hook('fake_tag_publisher', 'ament_prefix_path')
[30.632s] INFO:colcon.colcon_core.shell:Creating environment descriptor '/home/panik_bel/ros2_ws/install/fake_tag_publisher/share/fake_tag_publisher/hook/ament_prefix_path.dsv'
[30.642s] INFO:colcon.colcon_core.shell:Creating environment hook '/home/panik_bel/ros2_ws/install/fake_tag_publisher/share/fake_tag_publisher/hook/ament_prefix_path.sh'
[30.799s] DEBUG:colcon.colcon_core.shell:Skip shell extension 'dsv' for command environment
[33.571s] INFO:colcon.colcon_core.task.python.build:Building Python package in '/home/panik_bel/ros2_ws/src/fake_tag_publisher'
[33.771s] DEBUG:colcon.colcon_core.shell:Skip shell extension 'dsv' for command environment
[39.279s] DEBUG:colcon.colcon_core.event_handler.log_command:Invoking command in '/home/panik_bel/ros2_ws/src/fake_tag_publisher': AMENT_PREFIX_PATH=/home/panik_bel/ros2_ws/install/fake_tag_interfaces:${AMENT_PREFIX_PATH} CMAKE_PREFIX_PATH=/home/panik_bel/ros2_ws/install/fake_tag_interfaces:${CMAKE_PREFIX_PATH} DEBUGINFOD_URLS=https://debuginfod.ubuntu.com LD_LIBRARY_PATH=/home/panik_bel/ros2_ws/install/fake_tag_interfaces/lib:${LD_LIBRARY_PATH} PYTHONPATH=/home/panik_bel/ros2_ws/build/fake_tag_publisher/prefix_override:/home/panik_bel/ros2_ws/install/fake_tag_publisher/lib/python3.12/site-packages:/home/panik_bel/ros2_ws/install/fake_tag_interfaces/lib/python3.12/site-packages:${PYTHONPATH} /usr/bin/python3 setup.py egg_info --egg-base ../../build/fake_tag_publisher build --build-base /home/panik_bel/ros2_ws/build/fake_tag_publisher/build install --record /home/panik_bel/ros2_ws/build/fake_tag_publisher/install.log --single-version-externally-managed
[44.701s] DEBUG:colcon.colcon_core.event_handler.log_command:Invoked command in '/home/panik_bel/ros2_ws/src/fake_tag_publisher' returned '0': AMENT_PREFIX_PATH=/home/panik_bel/ros2_ws/install/fake_tag_interfaces:${AMENT_PREFIX_PATH} CMAKE_PREFIX_PATH=/home/panik_bel/ros2_ws/install/fake_tag_interfaces:${CMAKE_PREFIX_PATH} DEBUGINFOD_URLS=https://debuginfod.ubuntu.com LD_LIBRARY_PATH=/home/panik_bel/ros2_ws/install/fake_tag_interfaces/lib:${LD_LIBRARY_PATH} PYTHONPATH=/home/panik_bel/ros2_ws/build/fake_tag_publisher/prefix_override:/home/panik_bel/ros2_ws/install/fake_tag_publisher/lib/python3.12/site-packages:/home/panik_bel/ros2_ws/install/fake_tag_interfaces/lib/python3.12/site-packages:${PYTHONPATH} /usr/bin/python3 setup.py egg_info --egg-base ../../build/fake_tag_publisher build --build-base /home/panik_bel/ros2_ws/build/fake_tag_publisher/build install --record /home/panik_bel/ros2_ws/build/fake_tag_publisher/install.log --single-version-externally-managed
[44.881s] Level 1:colcon.colcon_core.environment:checking '/home/panik_bel/ros2_ws/install/fake_tag_publisher' for CMake module files
[44.884s] Level 1:colcon.colcon_core.environment:checking '/home/panik_bel/ros2_ws/install/fake_tag_publisher' for CMake config files
[44.890s] Level 1:colcon.colcon_core.environment:checking '/home/panik_bel/ros2_ws/install/fake_tag_publisher/lib'
[44.891s] Level 1:colcon.colcon_core.environment:checking '/home/panik_bel/ros2_ws/install/fake_tag_publisher/bin'
[44.892s] Level 1:colcon.colcon_core.environment:checking '/home/panik_bel/ros2_ws/install/fake_tag_publisher/lib/pkgconfig/fake_tag_publisher.pc'
[44.893s] Level 1:colcon.colcon_core.environment:checking '/home/panik_bel/ros2_ws/install/fake_tag_publisher/lib/python3.12/site-packages'
[44.894s] Level 1:colcon.colcon_core.shell:create_environment_hook('fake_tag_publisher', 'pythonpath')
[45.114s] INFO:colcon.colcon_core.shell:Creating environment descriptor '/home/panik_bel/ros2_ws/install/fake_tag_publisher/share/fake_tag_publisher/hook/pythonpath.dsv'
[45.117s] INFO:colcon.colcon_core.shell:Creating environment hook '/home/panik_bel/ros2_ws/install/fake_tag_publisher/share/fake_tag_publisher/hook/pythonpath.sh'
[45.122s] Level 1:colcon.colcon_core.environment:checking '/home/panik_bel/ros2_ws/install/fake_tag_publisher/bin'
[45.122s] Level 1:colcon.colcon_core.environment:create_environment_scripts_only(fake_tag_publisher)
[45.272s] INFO:colcon.colcon_core.shell:Creating package descriptor '/home/panik_bel/ros2_ws/install/fake_tag_publisher/share/fake_tag_publisher/package.dsv'
[45.274s] INFO:colcon.colcon_core.shell:Creating package script '/home/panik_bel/ros2_ws/install/fake_tag_publisher/share/fake_tag_publisher/package.sh'
[45.276s] INFO:colcon.colcon_core.shell:Creating package script '/home/panik_bel/ros2_ws/install/fake_tag_publisher/share/fake_tag_publisher/package.bash'
[45.277s] INFO:colcon.colcon_core.shell:Creating package script '/home/panik_bel/ros2_ws/install/fake_tag_publisher/share/fake_tag_publisher/package.zsh'
[45.278s] Level 1:colcon.colcon_core.environment:create_file_with_runtime_dependencies(/home/panik_bel/ros2_ws/install/fake_tag_publisher/share/colcon-core/packages/fake_tag_publisher)
[45.279s] DEBUG:colcon.colcon_parallel_executor.executor.parallel:closing loop
[45.280s] DEBUG:colcon.colcon_parallel_executor.executor.parallel:loop closed
[45.280s] DEBUG:colcon.colcon_parallel_executor.executor.parallel:run_until_complete finished with '0'
[45.280s] DEBUG:colcon.colcon_core.event_reactor:joining thread
[45.607s] INFO:colcon.colcon_core.plugin_system:Skipping extension 'colcon_notification.desktop_notification.terminal_notifier': Not used on non-Darwin systems
[45.609s] INFO:colcon.colcon_core.plugin_system:Skipping extension 'colcon_notification.desktop_notification.win32': Not used on non-Windows systems
[45.609s] INFO:colcon.colcon_notification.desktop_notification:Sending desktop notification using 'notify2'
[45.823s] DEBUG:colcon.colcon_core.event_reactor:joined thread
[45.924s] INFO:colcon.colcon_core.shell:Creating prefix script '/home/panik_bel/ros2_ws/install/local_setup.sh'
[45.928s] INFO:colcon.colcon_core.shell:Creating prefix util module '/home/panik_bel/ros2_ws/install/_local_setup_util_sh.py'
[45.931s] INFO:colcon.colcon_core.shell:Creating prefix chain script '/home/panik_bel/ros2_ws/install/setup.sh'
[46.083s] INFO:colcon.colcon_core.shell:Creating prefix script '/home/panik_bel/ros2_ws/install/local_setup.bash'
[46.085s] INFO:colcon.colcon_core.shell:Creating prefix chain script '/home/panik_bel/ros2_ws/install/setup.bash'
[46.192s] INFO:colcon.colcon_core.shell:Creating prefix script '/home/panik_bel/ros2_ws/install/local_setup.zsh'
[46.197s] INFO:colcon.colcon_core.shell:Creating prefix chain script '/home/panik_bel/ros2_ws/install/setup.zsh'
