[7.720s] DEBUG:colcon:Command line arguments: ['/usr/bin/colcon', 'build', '--symlink-install', '--packages-select', 'fake_tag_publisher']
[7.720s] DEBUG:colcon:Parsed command line arguments: Namespace(log_base=None, log_level=None, verb_name='build', build_base='build', install_base='install', merge_install=False, symlink_install=True, test_result_base=None, continue_on_error=False, executor='parallel', parallel_workers=2, event_handlers=None, ignore_user_meta=False, metas=['./colcon.meta'], base_paths=['.'], packages_ignore=None, packages_ignore_regex=None, paths=None, packages_up_to=None, packages_up_to_regex=None, packages_above=None, packages_above_and_dependencies=None, packages_above_depth=None, packages_select_by_dep=None, packages_skip_by_dep=None, packages_skip_up_to=None, packages_select_build_failed=False, packages_skip_build_finished=False, packages_select_test_failures=False, packages_skip_test_passed=False, packages_select=['fake_tag_publisher'], packages_skip=None, packages_select_regex=None, packages_skip_regex=None, packages_start=None, packages_end=None, cmake_args=None, cmake_target=None, cmake_target_skip_unavailable=False, cmake_clean_cache=False, cmake_clean_first=False, cmake_force_configure=False, ament_cmake_args=None, catkin_cmake_args=None, catkin_skip_building_tests=False, verb_parser=<colcon_defaults.argument_parser.defaults.DefaultArgumentsDecorator object at 0x77b715693920>, verb_extension=<colcon_core.verb.build.BuildVerb object at 0x77b715666060>, main=<bound method BuildVerb.main of <colcon_core.verb.build.BuildVerb object at 0x77b715666060>>)
[8.074s] Level 1:colcon.colcon_core.package_discovery:discover_packages(colcon_meta) check parameters
[8.075s] Level 1:colcon.colcon_core.package_discovery:discover_packages(recursive) check parameters
[8.075s] Level 1:colcon.colcon_core.package_discovery:discover_packages(ignore) check parameters
[8.075s] Level 1:colcon.colcon_core.package_discovery:discover_packages(path) check parameters
[8.075s] Level 1:colcon.colcon_core.package_discovery:discover_packages(colcon_meta) discover
[8.075s] Level 1:colcon.colcon_core.package_discovery:discover_packages(recursive) discover
[8.075s] INFO:colcon.colcon_core.package_discovery:Crawling recursively for packages in '/home/panik_bel/ros2_ws'
[8.076s] Level 1:colcon.colcon_core.package_identification:_identify(.) by extensions ['ignore', 'ignore_ament_install']
[8.076s] Level 1:colcon.colcon_core.package_identification:_identify(.) by extension 'ignore'
[8.077s] Level 1:colcon.colcon_core.package_identification:_identify(.) by extension 'ignore_ament_install'
[8.077s] Level 1:colcon.colcon_core.package_identification:_identify(.) by extensions ['colcon_pkg']
[8.077s] Level 1:colcon.colcon_core.package_identification:_identify(.) by extension 'colcon_pkg'
[8.077s] Level 1:colcon.colcon_core.package_identification:_identify(.) by extensions ['colcon_meta']
[8.077s] Level 1:colcon.colcon_core.package_identification:_identify(.) by extension 'colcon_meta'
[8.077s] Level 1:colcon.colcon_core.package_identification:_identify(.) by extensions ['ros']
[8.077s] Level 1:colcon.colcon_core.package_identification:_identify(.) by extension 'ros'
[8.176s] Level 1:colcon.colcon_core.package_identification:_identify(.) by extensions ['cmake', 'python']
[8.176s] Level 1:colcon.colcon_core.package_identification:_identify(.) by extension 'cmake'
[8.176s] Level 1:colcon.colcon_core.package_identification:_identify(.) by extension 'python'
[8.176s] Level 1:colcon.colcon_core.package_identification:_identify(.) by extensions ['python_setup_py']
[8.176s] Level 1:colcon.colcon_core.package_identification:_identify(.) by extension 'python_setup_py'
[8.177s] Level 1:colcon.colcon_core.package_identification:_identify(build) by extensions ['ignore', 'ignore_ament_install']
[8.177s] Level 1:colcon.colcon_core.package_identification:_identify(build) by extension 'ignore'
[8.177s] Level 1:colcon.colcon_core.package_identification:_identify(build) ignored
[8.177s] Level 1:colcon.colcon_core.package_identification:_identify(install) by extensions ['ignore', 'ignore_ament_install']
[8.178s] Level 1:colcon.colcon_core.package_identification:_identify(install) by extension 'ignore'
[8.178s] Level 1:colcon.colcon_core.package_identification:_identify(install) ignored
[8.178s] Level 1:colcon.colcon_core.package_identification:_identify(log) by extensions ['ignore', 'ignore_ament_install']
[8.178s] Level 1:colcon.colcon_core.package_identification:_identify(log) by extension 'ignore'
[8.179s] Level 1:colcon.colcon_core.package_identification:_identify(log) ignored
[8.179s] Level 1:colcon.colcon_core.package_identification:_identify(src) by extensions ['ignore', 'ignore_ament_install']
[8.180s] Level 1:colcon.colcon_core.package_identification:_identify(src) by extension 'ignore'
[8.181s] Level 1:colcon.colcon_core.package_identification:_identify(src) by extension 'ignore_ament_install'
[8.181s] Level 1:colcon.colcon_core.package_identification:_identify(src) by extensions ['colcon_pkg']
[8.182s] Level 1:colcon.colcon_core.package_identification:_identify(src) by extension 'colcon_pkg'
[8.182s] Level 1:colcon.colcon_core.package_identification:_identify(src) by extensions ['colcon_meta']
[8.182s] Level 1:colcon.colcon_core.package_identification:_identify(src) by extension 'colcon_meta'
[8.182s] Level 1:colcon.colcon_core.package_identification:_identify(src) by extensions ['ros']
[8.182s] Level 1:colcon.colcon_core.package_identification:_identify(src) by extension 'ros'
[8.183s] Level 1:colcon.colcon_core.package_identification:_identify(src) by extensions ['cmake', 'python']
[8.183s] Level 1:colcon.colcon_core.package_identification:_identify(src) by extension 'cmake'
[8.183s] Level 1:colcon.colcon_core.package_identification:_identify(src) by extension 'python'
[8.183s] Level 1:colcon.colcon_core.package_identification:_identify(src) by extensions ['python_setup_py']
[8.184s] Level 1:colcon.colcon_core.package_identification:_identify(src) by extension 'python_setup_py'
[8.184s] Level 1:colcon.colcon_core.package_identification:_identify(src/fake_tag_interfaces) by extensions ['ignore', 'ignore_ament_install']
[8.184s] Level 1:colcon.colcon_core.package_identification:_identify(src/fake_tag_interfaces) by extension 'ignore'
[8.185s] Level 1:colcon.colcon_core.package_identification:_identify(src/fake_tag_interfaces) by extension 'ignore_ament_install'
[8.185s] Level 1:colcon.colcon_core.package_identification:_identify(src/fake_tag_interfaces) by extensions ['colcon_pkg']
[8.185s] Level 1:colcon.colcon_core.package_identification:_identify(src/fake_tag_interfaces) by extension 'colcon_pkg'
[8.185s] Level 1:colcon.colcon_core.package_identification:_identify(src/fake_tag_interfaces) by extensions ['colcon_meta']
[8.186s] Level 1:colcon.colcon_core.package_identification:_identify(src/fake_tag_interfaces) by extension 'colcon_meta'
[8.186s] Level 1:colcon.colcon_core.package_identification:_identify(src/fake_tag_interfaces) by extensions ['ros']
[8.186s] Level 1:colcon.colcon_core.package_identification:_identify(src/fake_tag_interfaces) by extension 'ros'
[8.201s] DEBUG:colcon.colcon_core.package_identification:Package 'src/fake_tag_interfaces' with type 'ros.ament_cmake' and name 'fake_tag_interfaces'
[8.202s] Level 1:colcon.colcon_core.package_identification:_identify(src/fake_tag_publisher) by extensions ['ignore', 'ignore_ament_install']
[8.202s] Level 1:colcon.colcon_core.package_identification:_identify(src/fake_tag_publisher) by extension 'ignore'
[8.203s] Level 1:colcon.colcon_core.package_identification:_identify(src/fake_tag_publisher) by extension 'ignore_ament_install'
[8.203s] Level 1:colcon.colcon_core.package_identification:_identify(src/fake_tag_publisher) by extensions ['colcon_pkg']
[8.203s] Level 1:colcon.colcon_core.package_identification:_identify(src/fake_tag_publisher) by extension 'colcon_pkg'
[8.203s] Level 1:colcon.colcon_core.package_identification:_identify(src/fake_tag_publisher) by extensions ['colcon_meta']
[8.203s] Level 1:colcon.colcon_core.package_identification:_identify(src/fake_tag_publisher) by extension 'colcon_meta'
[8.203s] Level 1:colcon.colcon_core.package_identification:_identify(src/fake_tag_publisher) by extensions ['ros']
[8.203s] Level 1:colcon.colcon_core.package_identification:_identify(src/fake_tag_publisher) by extension 'ros'
[8.208s] DEBUG:colcon.colcon_core.package_identification:Package 'src/fake_tag_publisher' with type 'ros.ament_python' and name 'fake_tag_publisher'
[8.208s] Level 1:colcon.colcon_core.package_discovery:discover_packages(recursive) using defaults
[8.208s] Level 1:colcon.colcon_core.package_discovery:discover_packages(ignore) discover
[8.209s] Level 1:colcon.colcon_core.package_discovery:discover_packages(ignore) using defaults
[8.209s] Level 1:colcon.colcon_core.package_discovery:discover_packages(path) discover
[8.209s] Level 1:colcon.colcon_core.package_discovery:discover_packages(path) using defaults
[8.594s] INFO:colcon.colcon_core.package_selection:Skipping not selected package 'fake_tag_interfaces' in 'src/fake_tag_interfaces'
[8.698s] Level 5:colcon.colcon_core.verb:set package 'fake_tag_publisher' build argument 'cmake_args' from command line to 'None'
[8.698s] Level 5:colcon.colcon_core.verb:set package 'fake_tag_publisher' build argument 'cmake_target' from command line to 'None'
[8.698s] Level 5:colcon.colcon_core.verb:set package 'fake_tag_publisher' build argument 'cmake_target_skip_unavailable' from command line to 'False'
[8.699s] Level 5:colcon.colcon_core.verb:set package 'fake_tag_publisher' build argument 'cmake_clean_cache' from command line to 'False'
[8.699s] Level 5:colcon.colcon_core.verb:set package 'fake_tag_publisher' build argument 'cmake_clean_first' from command line to 'False'
[8.699s] Level 5:colcon.colcon_core.verb:set package 'fake_tag_publisher' build argument 'cmake_force_configure' from command line to 'False'
[8.699s] Level 5:colcon.colcon_core.verb:set package 'fake_tag_publisher' build argument 'ament_cmake_args' from command line to 'None'
[8.699s] Level 5:colcon.colcon_core.verb:set package 'fake_tag_publisher' build argument 'catkin_cmake_args' from command line to 'None'
[8.699s] Level 5:colcon.colcon_core.verb:set package 'fake_tag_publisher' build argument 'catkin_skip_building_tests' from command line to 'False'
[8.699s] DEBUG:colcon.colcon_core.verb:Building package 'fake_tag_publisher' with the following arguments: {'ament_cmake_args': None, 'build_base': '/home/panik_bel/ros2_ws/build/fake_tag_publisher', 'catkin_cmake_args': None, 'catkin_skip_building_tests': False, 'cmake_args': None, 'cmake_clean_cache': False, 'cmake_clean_first': False, 'cmake_force_configure': False, 'cmake_target': None, 'cmake_target_skip_unavailable': False, 'install_base': '/home/panik_bel/ros2_ws/install/fake_tag_publisher', 'merge_install': False, 'path': '/home/panik_bel/ros2_ws/src/fake_tag_publisher', 'symlink_install': True, 'test_result_base': None}
[8.807s] INFO:colcon.colcon_core.executor:Executing jobs using 'parallel' executor
[8.913s] DEBUG:colcon.colcon_parallel_executor.executor.parallel:run_until_complete
[8.914s] INFO:colcon.colcon_ros.task.ament_python.build:Building ROS package in '/home/panik_bel/ros2_ws/src/fake_tag_publisher' with build type 'ament_python'
[8.916s] Level 1:colcon.colcon_core.shell:create_environment_hook('fake_tag_publisher', 'ament_prefix_path')
[9.101s] INFO:colcon.colcon_core.plugin_system:Skipping extension 'colcon_core.shell.bat': Not used on non-Windows systems
[9.101s] INFO:colcon.colcon_core.shell:Creating environment descriptor '/home/panik_bel/ros2_ws/install/fake_tag_publisher/share/fake_tag_publisher/hook/ament_prefix_path.dsv'
[9.104s] INFO:colcon.colcon_core.shell:Creating environment hook '/home/panik_bel/ros2_ws/install/fake_tag_publisher/share/fake_tag_publisher/hook/ament_prefix_path.sh'
[9.273s] DEBUG:colcon.colcon_core.shell:Skip shell extension 'dsv' for command environment
[11.133s] INFO:colcon.colcon_core.task.python.build:Building Python package in '/home/panik_bel/ros2_ws/src/fake_tag_publisher'
[11.306s] DEBUG:colcon.colcon_core.shell:Skip shell extension 'dsv' for command environment
[15.922s] DEBUG:colcon.colcon_core.task.python.build:While undoing a previous installation files outside the Python library path are being ignored: /home/panik_bel/ros2_ws/install/fake_tag_publisher/share/ament_index/resource_index/packages/fake_tag_publisher
[15.922s] DEBUG:colcon.colcon_core.task.python.build:While undoing a previous installation files outside the Python library path are being ignored: /home/panik_bel/ros2_ws/install/fake_tag_publisher/share/fake_tag_publisher/package.xml
[15.922s] DEBUG:colcon.colcon_core.task.python.build:While undoing a previous installation files outside the Python library path are being ignored: /home/panik_bel/ros2_ws/install/fake_tag_publisher/share/fake_tag_publisher/launch/test_localization.launch.py
[15.922s] DEBUG:colcon.colcon_core.task.python.build:While undoing a previous installation files outside the Python library path are being ignored: /home/panik_bel/ros2_ws/install/fake_tag_publisher/share/fake_tag_publisher/launch/run_localization_video.launch.py
[15.922s] DEBUG:colcon.colcon_core.task.python.build:While undoing a previous installation files outside the Python library path are being ignored: /home/panik_bel/ros2_ws/install/fake_tag_publisher/share/fake_tag_publisher/config/camera_info.yaml
[15.922s] DEBUG:colcon.colcon_core.task.python.build:While undoing a previous installation files outside the Python library path are being ignored: /home/panik_bel/ros2_ws/install/fake_tag_publisher/share/fake_tag_publisher/config/tags_config.yaml
[15.923s] DEBUG:colcon.colcon_core.task.python.build:While undoing a previous installation files outside the Python library path are being ignored: /home/panik_bel/ros2_ws/install/fake_tag_publisher/lib/fake_tag_publisher/camera_calibrator
[15.923s] DEBUG:colcon.colcon_core.task.python.build:While undoing a previous installation files outside the Python library path are being ignored: /home/panik_bel/ros2_ws/install/fake_tag_publisher/lib/fake_tag_publisher/fake_tag_node
[15.923s] DEBUG:colcon.colcon_core.task.python.build:While undoing a previous installation files outside the Python library path are being ignored: /home/panik_bel/ros2_ws/install/fake_tag_publisher/lib/fake_tag_publisher/localization_node
[15.923s] DEBUG:colcon.colcon_core.task.python.build:While undoing a previous installation files outside the Python library path are being ignored: /home/panik_bel/ros2_ws/install/fake_tag_publisher/lib/fake_tag_publisher/static_tf_node
[15.923s] DEBUG:colcon.colcon_core.task.python.build:While undoing a previous installation files outside the Python library path are being ignored: /home/panik_bel/ros2_ws/install/fake_tag_publisher/lib/fake_tag_publisher/video_tag_detector
[15.954s] DEBUG:colcon.colcon_core.event_handler.log_command:Invoking command in '/home/panik_bel/ros2_ws/build/fake_tag_publisher': AMENT_PREFIX_PATH=/home/panik_bel/ros2_ws/install/fake_tag_interfaces:${AMENT_PREFIX_PATH} CMAKE_PREFIX_PATH=/home/panik_bel/ros2_ws/install/fake_tag_interfaces:${CMAKE_PREFIX_PATH} DEBUGINFOD_URLS=https://debuginfod.ubuntu.com LD_LIBRARY_PATH=/home/panik_bel/ros2_ws/install/fake_tag_interfaces/lib:${LD_LIBRARY_PATH} PYTHONPATH=/home/panik_bel/ros2_ws/build/fake_tag_publisher/prefix_override:/home/panik_bel/ros2_ws/install/fake_tag_publisher/lib/python3.12/site-packages:/home/panik_bel/ros2_ws/install/fake_tag_interfaces/lib/python3.12/site-packages:${PYTHONPATH} /usr/bin/python3 setup.py develop --editable --build-directory /home/panik_bel/ros2_ws/build/fake_tag_publisher/build --no-deps install_data
[21.620s] Level 1:colcon.colcon_core.shell:create_environment_hook('fake_tag_publisher', 'pythonpath_develop')
[21.623s] DEBUG:colcon.colcon_core.event_handler.log_command:Invoked command in '/home/panik_bel/ros2_ws/build/fake_tag_publisher' returned '0': AMENT_PREFIX_PATH=/home/panik_bel/ros2_ws/install/fake_tag_interfaces:${AMENT_PREFIX_PATH} CMAKE_PREFIX_PATH=/home/panik_bel/ros2_ws/install/fake_tag_interfaces:${CMAKE_PREFIX_PATH} DEBUGINFOD_URLS=https://debuginfod.ubuntu.com LD_LIBRARY_PATH=/home/panik_bel/ros2_ws/install/fake_tag_interfaces/lib:${LD_LIBRARY_PATH} PYTHONPATH=/home/panik_bel/ros2_ws/build/fake_tag_publisher/prefix_override:/home/panik_bel/ros2_ws/install/fake_tag_publisher/lib/python3.12/site-packages:/home/panik_bel/ros2_ws/install/fake_tag_interfaces/lib/python3.12/site-packages:${PYTHONPATH} /usr/bin/python3 setup.py develop --editable --build-directory /home/panik_bel/ros2_ws/build/fake_tag_publisher/build --no-deps install_data
[21.796s] INFO:colcon.colcon_core.shell:Creating environment descriptor '/home/panik_bel/ros2_ws/build/fake_tag_publisher/share/fake_tag_publisher/hook/pythonpath_develop.dsv'
[21.801s] INFO:colcon.colcon_core.shell:Creating environment hook '/home/panik_bel/ros2_ws/build/fake_tag_publisher/share/fake_tag_publisher/hook/pythonpath_develop.sh'
[21.978s] Level 1:colcon.colcon_core.environment:checking '/home/panik_bel/ros2_ws/install/fake_tag_publisher' for CMake module files
[21.987s] Level 1:colcon.colcon_core.environment:checking '/home/panik_bel/ros2_ws/install/fake_tag_publisher' for CMake config files
[21.994s] Level 1:colcon.colcon_core.environment:checking '/home/panik_bel/ros2_ws/install/fake_tag_publisher/lib'
[22.000s] Level 1:colcon.colcon_core.environment:checking '/home/panik_bel/ros2_ws/install/fake_tag_publisher/bin'
[22.001s] Level 1:colcon.colcon_core.environment:checking '/home/panik_bel/ros2_ws/install/fake_tag_publisher/lib/pkgconfig/fake_tag_publisher.pc'
[22.002s] Level 1:colcon.colcon_core.environment:checking '/home/panik_bel/ros2_ws/install/fake_tag_publisher/lib/python3.12/site-packages'
[22.002s] Level 1:colcon.colcon_core.shell:create_environment_hook('fake_tag_publisher', 'pythonpath')
[22.175s] INFO:colcon.colcon_core.shell:Creating environment descriptor '/home/panik_bel/ros2_ws/install/fake_tag_publisher/share/fake_tag_publisher/hook/pythonpath.dsv'
[22.177s] INFO:colcon.colcon_core.shell:Creating environment hook '/home/panik_bel/ros2_ws/install/fake_tag_publisher/share/fake_tag_publisher/hook/pythonpath.sh'
[22.179s] Level 1:colcon.colcon_core.environment:checking '/home/panik_bel/ros2_ws/install/fake_tag_publisher/bin'
[22.180s] Level 1:colcon.colcon_core.environment:create_environment_scripts_only(fake_tag_publisher)
[22.340s] INFO:colcon.colcon_core.shell:Creating package descriptor '/home/panik_bel/ros2_ws/install/fake_tag_publisher/share/fake_tag_publisher/package.dsv'
[22.342s] INFO:colcon.colcon_core.shell:Creating package script '/home/panik_bel/ros2_ws/install/fake_tag_publisher/share/fake_tag_publisher/package.sh'
[22.344s] INFO:colcon.colcon_core.shell:Creating package script '/home/panik_bel/ros2_ws/install/fake_tag_publisher/share/fake_tag_publisher/package.bash'
[22.345s] INFO:colcon.colcon_core.shell:Creating package script '/home/panik_bel/ros2_ws/install/fake_tag_publisher/share/fake_tag_publisher/package.zsh'
[22.348s] Level 1:colcon.colcon_core.environment:create_file_with_runtime_dependencies(/home/panik_bel/ros2_ws/install/fake_tag_publisher/share/colcon-core/packages/fake_tag_publisher)
[22.353s] DEBUG:colcon.colcon_parallel_executor.executor.parallel:closing loop
[22.355s] DEBUG:colcon.colcon_parallel_executor.executor.parallel:loop closed
[22.357s] DEBUG:colcon.colcon_parallel_executor.executor.parallel:run_until_complete finished with '0'
[22.357s] DEBUG:colcon.colcon_core.event_reactor:joining thread
[22.547s] INFO:colcon.colcon_core.plugin_system:Skipping extension 'colcon_notification.desktop_notification.terminal_notifier': Not used on non-Darwin systems
[22.548s] INFO:colcon.colcon_core.plugin_system:Skipping extension 'colcon_notification.desktop_notification.win32': Not used on non-Windows systems
[22.548s] INFO:colcon.colcon_notification.desktop_notification:Sending desktop notification using 'notify2'
[22.611s] DEBUG:colcon.colcon_core.event_reactor:joined thread
[22.724s] INFO:colcon.colcon_core.shell:Creating prefix script '/home/panik_bel/ros2_ws/install/local_setup.sh'
[22.728s] INFO:colcon.colcon_core.shell:Creating prefix util module '/home/panik_bel/ros2_ws/install/_local_setup_util_sh.py'
[22.731s] INFO:colcon.colcon_core.shell:Creating prefix chain script '/home/panik_bel/ros2_ws/install/setup.sh'
[22.845s] INFO:colcon.colcon_core.shell:Creating prefix script '/home/panik_bel/ros2_ws/install/local_setup.bash'
[22.847s] INFO:colcon.colcon_core.shell:Creating prefix chain script '/home/panik_bel/ros2_ws/install/setup.bash'
[22.948s] INFO:colcon.colcon_core.shell:Creating prefix script '/home/panik_bel/ros2_ws/install/local_setup.zsh'
[22.950s] INFO:colcon.colcon_core.shell:Creating prefix chain script '/home/panik_bel/ros2_ws/install/setup.zsh'
