[0.230s] Invoking command in '/home/panik_bel/ros2_ws/build/fake_tag_interfaces': CMAKE_PREFIX_PATH=${CMAKE_PREFIX_PATH}:/opt/ros/jazzy DEBUGINFOD_URLS=https://debuginfod.ubuntu.com /usr/bin/cmake /home/panik_bel/ros2_ws/src/fake_tag_interfaces -DAMENT_CMAKE_SYMLINK_INSTALL=1 -DCMAKE_INSTALL_PREFIX=/home/panik_bel/ros2_ws/install/fake_tag_interfaces
[0.262s] -- Found ament_cmake: 2.5.6 (/opt/ros/jazzy/share/ament_cmake/cmake)
[0.598s] -- Override CMake install command with custom implementation using symlinks instead of copying resources
[0.635s] -- Found rosidl_default_generators: 1.6.0 (/opt/ros/jazzy/share/rosidl_default_generators/cmake)
[0.641s] -- Using all available rosidl_typesupport_c: rosidl_typesupport_fastrtps_c;rosidl_typesupport_introspection_c
[0.747s] -- Using all available rosidl_typesupport_cpp: rosidl_typesupport_fastrtps_cpp;rosidl_typesupport_introspection_cpp
[0.875s] -- Found rosidl_adapter: 4.6.7 (/opt/ros/jazzy/share/rosidl_adapter/cmake)
[0.881s] -- Found std_msgs: 5.3.7 (/opt/ros/jazzy/share/std_msgs/cmake)
[1.031s] -- Found geometry_msgs: 5.3.7 (/opt/ros/jazzy/share/geometry_msgs/cmake)
[2.068s] -- Found ament_cmake_ros: 0.12.0 (/opt/ros/jazzy/share/ament_cmake_ros/cmake)
[2.589s] -- Using all available rosidl_typesupport_c: rosidl_typesupport_fastrtps_c;rosidl_typesupport_introspection_c
[3.229s] -- Using all available rosidl_typesupport_cpp: rosidl_typesupport_fastrtps_cpp;rosidl_typesupport_introspection_cpp
[3.232s] -- Found python_cmake_module: 0.11.1 (/opt/ros/jazzy/share/python_cmake_module/cmake)
[4.228s] -- Found Python3: /usr/bin/python3 (found version "3.12.3") found components: Interpreter Development NumPy Development.Module Development.Embed 
[4.549s] -- Found Python3: /usr/bin/python3 (found version "3.12.3") found components: Interpreter 
[4.585s] -- Configuring done (4.3s)
[4.711s] -- Generating done (0.1s)
[4.722s] -- Build files have been written to: /home/panik_bel/ros2_ws/build/fake_tag_interfaces
[4.744s] Invoked command in '/home/panik_bel/ros2_ws/build/fake_tag_interfaces' returned '0': CMAKE_PREFIX_PATH=${CMAKE_PREFIX_PATH}:/opt/ros/jazzy DEBUGINFOD_URLS=https://debuginfod.ubuntu.com /usr/bin/cmake /home/panik_bel/ros2_ws/src/fake_tag_interfaces -DAMENT_CMAKE_SYMLINK_INSTALL=1 -DCMAKE_INSTALL_PREFIX=/home/panik_bel/ros2_ws/install/fake_tag_interfaces
[4.749s] Invoking command in '/home/panik_bel/ros2_ws/build/fake_tag_interfaces': CMAKE_PREFIX_PATH=${CMAKE_PREFIX_PATH}:/opt/ros/jazzy DEBUGINFOD_URLS=https://debuginfod.ubuntu.com /usr/bin/cmake --build /home/panik_bel/ros2_ws/build/fake_tag_interfaces -- -j2 -l2
[4.888s] [  2%] Built target fake_tag_interfaces__rs
[4.948s] [  4%] Built target fake_tag_interfaces__rosidl_generator_type_description
[5.012s] failed to create symbolic link '/home/panik_bel/ros2_ws/build/fake_tag_interfaces/ament_cmake_python/fake_tag_interfaces/fake_tag_interfaces' because existing path cannot be removed: Is a directory
[5.018s] gmake[2]: *** [CMakeFiles/ament_cmake_python_symlink_fake_tag_interfaces.dir/build.make:70: CMakeFiles/ament_cmake_python_symlink_fake_tag_interfaces] Ошибка 1
[5.018s] gmake[1]: *** [CMakeFiles/Makefile2:471: CMakeFiles/ament_cmake_python_symlink_fake_tag_interfaces.dir/all] Ошибка 2
[5.018s] gmake: *** [Makefile:146: all] Ошибка 2
[5.023s] Invoked command in '/home/panik_bel/ros2_ws/build/fake_tag_interfaces' returned '2': CMAKE_PREFIX_PATH=${CMAKE_PREFIX_PATH}:/opt/ros/jazzy DEBUGINFOD_URLS=https://debuginfod.ubuntu.com /usr/bin/cmake --build /home/panik_bel/ros2_ws/build/fake_tag_interfaces -- -j2 -l2
