running egg_info
creating ../../build/fake_tag_publisher/fake_tag_publisher.egg-info
writing ../../build/fake_tag_publisher/fake_tag_publisher.egg-info/PKG-INFO
writing dependency_links to ../../build/fake_tag_publisher/fake_tag_publisher.egg-info/dependency_links.txt
writing entry points to ../../build/fake_tag_publisher/fake_tag_publisher.egg-info/entry_points.txt
writing requirements to ../../build/fake_tag_publisher/fake_tag_publisher.egg-info/requires.txt
writing top-level names to ../../build/fake_tag_publisher/fake_tag_publisher.egg-info/top_level.txt
writing manifest file '../../build/fake_tag_publisher/fake_tag_publisher.egg-info/SOURCES.txt'
reading manifest file '../../build/fake_tag_publisher/fake_tag_publisher.egg-info/SOURCES.txt'
writing manifest file '../../build/fake_tag_publisher/fake_tag_publisher.egg-info/SOURCES.txt'
running build
running build_py
creating /home/panik_bel/ros2_ws/build/fake_tag_publisher/build
creating /home/panik_bel/ros2_ws/build/fake_tag_publisher/build/lib
creating /home/panik_bel/ros2_ws/build/fake_tag_publisher/build/lib/fake_tag_publisher
copying fake_tag_publisher/__init__.py -> /home/panik_bel/ros2_ws/build/fake_tag_publisher/build/lib/fake_tag_publisher
copying fake_tag_publisher/static_tf_node.py -> /home/panik_bel/ros2_ws/build/fake_tag_publisher/build/lib/fake_tag_publisher
/usr/lib/python3/dist-packages/setuptools/_distutils/cmd.py:66: SetuptoolsDeprecationWarning: setup.py install is deprecated.
!!

        ********************************************************************************
        Please avoid running ``setup.py`` directly.
        Instead, use pypa/build, pypa/installer or other
        standards-based tools.

        See https://blog.ganssle.io/articles/2021/10/setup-py-deprecated.html for details.
        ********************************************************************************

!!
  self.initialize_options()
copying fake_tag_publisher/video_tag_detector.py -> /home/panik_bel/ros2_ws/build/fake_tag_publisher/build/lib/fake_tag_publisher
copying fake_tag_publisher/fake_tag_node.py -> /home/panik_bel/ros2_ws/build/fake_tag_publisher/build/lib/fake_tag_publisher
copying fake_tag_publisher/localization_node.py -> /home/panik_bel/ros2_ws/build/fake_tag_publisher/build/lib/fake_tag_publisher
copying fake_tag_publisher/camera_calibrator.py -> /home/panik_bel/ros2_ws/build/fake_tag_publisher/build/lib/fake_tag_publisher
running install
running install_lib
creating /home/panik_bel/ros2_ws/install/fake_tag_publisher/lib/python3.12/site-packages/fake_tag_publisher
copying /home/panik_bel/ros2_ws/build/fake_tag_publisher/build/lib/fake_tag_publisher/__init__.py -> /home/panik_bel/ros2_ws/install/fake_tag_publisher/lib/python3.12/site-packages/fake_tag_publisher
copying /home/panik_bel/ros2_ws/build/fake_tag_publisher/build/lib/fake_tag_publisher/static_tf_node.py -> /home/panik_bel/ros2_ws/install/fake_tag_publisher/lib/python3.12/site-packages/fake_tag_publisher
copying /home/panik_bel/ros2_ws/build/fake_tag_publisher/build/lib/fake_tag_publisher/video_tag_detector.py -> /home/panik_bel/ros2_ws/install/fake_tag_publisher/lib/python3.12/site-packages/fake_tag_publisher
copying /home/panik_bel/ros2_ws/build/fake_tag_publisher/build/lib/fake_tag_publisher/fake_tag_node.py -> /home/panik_bel/ros2_ws/install/fake_tag_publisher/lib/python3.12/site-packages/fake_tag_publisher
copying /home/panik_bel/ros2_ws/build/fake_tag_publisher/build/lib/fake_tag_publisher/localization_node.py -> /home/panik_bel/ros2_ws/install/fake_tag_publisher/lib/python3.12/site-packages/fake_tag_publisher
copying /home/panik_bel/ros2_ws/build/fake_tag_publisher/build/lib/fake_tag_publisher/camera_calibrator.py -> /home/panik_bel/ros2_ws/install/fake_tag_publisher/lib/python3.12/site-packages/fake_tag_publisher
byte-compiling /home/panik_bel/ros2_ws/install/fake_tag_publisher/lib/python3.12/site-packages/fake_tag_publisher/__init__.py to __init__.cpython-312.pyc
byte-compiling /home/panik_bel/ros2_ws/install/fake_tag_publisher/lib/python3.12/site-packages/fake_tag_publisher/static_tf_node.py to static_tf_node.cpython-312.pyc
byte-compiling /home/panik_bel/ros2_ws/install/fake_tag_publisher/lib/python3.12/site-packages/fake_tag_publisher/video_tag_detector.py to video_tag_detector.cpython-312.pyc
byte-compiling /home/panik_bel/ros2_ws/install/fake_tag_publisher/lib/python3.12/site-packages/fake_tag_publisher/fake_tag_node.py to fake_tag_node.cpython-312.pyc
byte-compiling /home/panik_bel/ros2_ws/install/fake_tag_publisher/lib/python3.12/site-packages/fake_tag_publisher/localization_node.py to localization_node.cpython-312.pyc
byte-compiling /home/panik_bel/ros2_ws/install/fake_tag_publisher/lib/python3.12/site-packages/fake_tag_publisher/camera_calibrator.py to camera_calibrator.cpython-312.pyc
running install_data
creating /home/panik_bel/ros2_ws/install/fake_tag_publisher/share/ament_index
creating /home/panik_bel/ros2_ws/install/fake_tag_publisher/share/ament_index/resource_index
creating /home/panik_bel/ros2_ws/install/fake_tag_publisher/share/ament_index/resource_index/packages
copying resource/fake_tag_publisher -> /home/panik_bel/ros2_ws/install/fake_tag_publisher/share/ament_index/resource_index/packages
copying package.xml -> /home/panik_bel/ros2_ws/install/fake_tag_publisher/share/fake_tag_publisher
creating /home/panik_bel/ros2_ws/install/fake_tag_publisher/share/fake_tag_publisher/launch
copying launch/test_localization.launch.py -> /home/panik_bel/ros2_ws/install/fake_tag_publisher/share/fake_tag_publisher/launch
copying launch/run_localization_video.launch.py -> /home/panik_bel/ros2_ws/install/fake_tag_publisher/share/fake_tag_publisher/launch
creating /home/panik_bel/ros2_ws/install/fake_tag_publisher/share/fake_tag_publisher/config
copying config/camera_info.yaml -> /home/panik_bel/ros2_ws/install/fake_tag_publisher/share/fake_tag_publisher/config
copying config/tags_config.yaml -> /home/panik_bel/ros2_ws/install/fake_tag_publisher/share/fake_tag_publisher/config
running install_egg_info
Copying ../../build/fake_tag_publisher/fake_tag_publisher.egg-info to /home/panik_bel/ros2_ws/install/fake_tag_publisher/lib/python3.12/site-packages/fake_tag_publisher-0.0.0-py3.12.egg-info
running install_scripts
Installing camera_calibrator script to /home/panik_bel/ros2_ws/install/fake_tag_publisher/lib/fake_tag_publisher
Installing fake_tag_node script to /home/panik_bel/ros2_ws/install/fake_tag_publisher/lib/fake_tag_publisher
Installing localization_node script to /home/panik_bel/ros2_ws/install/fake_tag_publisher/lib/fake_tag_publisher
Installing static_tf_node script to /home/panik_bel/ros2_ws/install/fake_tag_publisher/lib/fake_tag_publisher
Installing video_tag_detector script to /home/panik_bel/ros2_ws/install/fake_tag_publisher/lib/fake_tag_publisher
writing list of installed files to '/home/panik_bel/ros2_ws/build/fake_tag_publisher/install.log'
