[3.740s] Invoking command in '/home/panik_bel/ros2_ws/src/fake_tag_publisher': AMENT_PREFIX_PATH=/home/panik_bel/ros2_ws/install/fake_tag_interfaces:${AMENT_PREFIX_PATH} CMAKE_PREFIX_PATH=/home/panik_bel/ros2_ws/install/fake_tag_interfaces:${CMAKE_PREFIX_PATH} DEBUGINFOD_URLS=https://debuginfod.ubuntu.com LD_LIBRARY_PATH=/home/panik_bel/ros2_ws/install/fake_tag_interfaces/lib:${LD_LIBRARY_PATH} PYTHONPATH=/home/panik_bel/ros2_ws/build/fake_tag_publisher/prefix_override:/home/panik_bel/ros2_ws/install/fake_tag_publisher/lib/python3.12/site-packages:/home/panik_bel/ros2_ws/install/fake_tag_interfaces/lib/python3.12/site-packages:${PYTHONPATH} /usr/bin/python3 setup.py egg_info --egg-base ../../build/fake_tag_publisher build --build-base /home/panik_bel/ros2_ws/build/fake_tag_publisher/build install --record /home/panik_bel/ros2_ws/build/fake_tag_publisher/install.log --single-version-externally-managed
[4.536s] running egg_info
[4.537s] creating ../../build/fake_tag_publisher/fake_tag_publisher.egg-info
[4.595s] writing ../../build/fake_tag_publisher/fake_tag_publisher.egg-info/PKG-INFO
[4.596s] writing dependency_links to ../../build/fake_tag_publisher/fake_tag_publisher.egg-info/dependency_links.txt
[4.597s] writing entry points to ../../build/fake_tag_publisher/fake_tag_publisher.egg-info/entry_points.txt
[4.597s] writing requirements to ../../build/fake_tag_publisher/fake_tag_publisher.egg-info/requires.txt
[4.598s] writing top-level names to ../../build/fake_tag_publisher/fake_tag_publisher.egg-info/top_level.txt
[4.598s] writing manifest file '../../build/fake_tag_publisher/fake_tag_publisher.egg-info/SOURCES.txt'
[4.728s] reading manifest file '../../build/fake_tag_publisher/fake_tag_publisher.egg-info/SOURCES.txt'
[4.730s] writing manifest file '../../build/fake_tag_publisher/fake_tag_publisher.egg-info/SOURCES.txt'
[4.735s] running build
[4.735s] running build_py
[4.736s] creating /home/panik_bel/ros2_ws/build/fake_tag_publisher/build
[4.736s] creating /home/panik_bel/ros2_ws/build/fake_tag_publisher/build/lib
[4.737s] creating /home/panik_bel/ros2_ws/build/fake_tag_publisher/build/lib/fake_tag_publisher
[4.737s] copying fake_tag_publisher/__init__.py -> /home/panik_bel/ros2_ws/build/fake_tag_publisher/build/lib/fake_tag_publisher
[4.743s] copying fake_tag_publisher/static_tf_node.py -> /home/panik_bel/ros2_ws/build/fake_tag_publisher/build/lib/fake_tag_publisher
[4.744s] /usr/lib/python3/dist-packages/setuptools/_distutils/cmd.py:66: SetuptoolsDeprecationWarning: setup.py install is deprecated.
[4.745s] !!
[4.746s] 
[4.749s]         ********************************************************************************
[4.750s]         Please avoid running ``setup.py`` directly.
[4.753s]         Instead, use pypa/build, pypa/installer or other
[4.754s]         standards-based tools.
[4.756s] 
[4.756s]         See https://blog.ganssle.io/articles/2021/10/setup-py-deprecated.html for details.
[4.756s]         ********************************************************************************
[4.757s] 
[4.757s] !!
[4.757s]   self.initialize_options()
[4.758s] copying fake_tag_publisher/video_tag_detector.py -> /home/panik_bel/ros2_ws/build/fake_tag_publisher/build/lib/fake_tag_publisher
[4.758s] copying fake_tag_publisher/fake_tag_node.py -> /home/panik_bel/ros2_ws/build/fake_tag_publisher/build/lib/fake_tag_publisher
[4.758s] copying fake_tag_publisher/localization_node.py -> /home/panik_bel/ros2_ws/build/fake_tag_publisher/build/lib/fake_tag_publisher
[4.758s] copying fake_tag_publisher/camera_calibrator.py -> /home/panik_bel/ros2_ws/build/fake_tag_publisher/build/lib/fake_tag_publisher
[4.758s] running install
[4.762s] running install_lib
[4.824s] creating /home/panik_bel/ros2_ws/install/fake_tag_publisher/lib/python3.12/site-packages/fake_tag_publisher
[4.825s] copying /home/panik_bel/ros2_ws/build/fake_tag_publisher/build/lib/fake_tag_publisher/__init__.py -> /home/panik_bel/ros2_ws/install/fake_tag_publisher/lib/python3.12/site-packages/fake_tag_publisher
[4.825s] copying /home/panik_bel/ros2_ws/build/fake_tag_publisher/build/lib/fake_tag_publisher/static_tf_node.py -> /home/panik_bel/ros2_ws/install/fake_tag_publisher/lib/python3.12/site-packages/fake_tag_publisher
[4.828s] copying /home/panik_bel/ros2_ws/build/fake_tag_publisher/build/lib/fake_tag_publisher/video_tag_detector.py -> /home/panik_bel/ros2_ws/install/fake_tag_publisher/lib/python3.12/site-packages/fake_tag_publisher
[4.829s] copying /home/panik_bel/ros2_ws/build/fake_tag_publisher/build/lib/fake_tag_publisher/fake_tag_node.py -> /home/panik_bel/ros2_ws/install/fake_tag_publisher/lib/python3.12/site-packages/fake_tag_publisher
[4.829s] copying /home/panik_bel/ros2_ws/build/fake_tag_publisher/build/lib/fake_tag_publisher/localization_node.py -> /home/panik_bel/ros2_ws/install/fake_tag_publisher/lib/python3.12/site-packages/fake_tag_publisher
[4.830s] copying /home/panik_bel/ros2_ws/build/fake_tag_publisher/build/lib/fake_tag_publisher/camera_calibrator.py -> /home/panik_bel/ros2_ws/install/fake_tag_publisher/lib/python3.12/site-packages/fake_tag_publisher
[4.830s] byte-compiling /home/panik_bel/ros2_ws/install/fake_tag_publisher/lib/python3.12/site-packages/fake_tag_publisher/__init__.py to __init__.cpython-312.pyc
[4.831s] byte-compiling /home/panik_bel/ros2_ws/install/fake_tag_publisher/lib/python3.12/site-packages/fake_tag_publisher/static_tf_node.py to static_tf_node.cpython-312.pyc
[4.832s] byte-compiling /home/panik_bel/ros2_ws/install/fake_tag_publisher/lib/python3.12/site-packages/fake_tag_publisher/video_tag_detector.py to video_tag_detector.cpython-312.pyc
[4.837s] byte-compiling /home/panik_bel/ros2_ws/install/fake_tag_publisher/lib/python3.12/site-packages/fake_tag_publisher/fake_tag_node.py to fake_tag_node.cpython-312.pyc
[4.843s] byte-compiling /home/panik_bel/ros2_ws/install/fake_tag_publisher/lib/python3.12/site-packages/fake_tag_publisher/localization_node.py to localization_node.cpython-312.pyc
[4.849s] byte-compiling /home/panik_bel/ros2_ws/install/fake_tag_publisher/lib/python3.12/site-packages/fake_tag_publisher/camera_calibrator.py to camera_calibrator.cpython-312.pyc
[4.850s] running install_data
[4.911s] creating /home/panik_bel/ros2_ws/install/fake_tag_publisher/share/ament_index
[4.912s] creating /home/panik_bel/ros2_ws/install/fake_tag_publisher/share/ament_index/resource_index
[4.912s] creating /home/panik_bel/ros2_ws/install/fake_tag_publisher/share/ament_index/resource_index/packages
[4.912s] copying resource/fake_tag_publisher -> /home/panik_bel/ros2_ws/install/fake_tag_publisher/share/ament_index/resource_index/packages
[4.913s] copying package.xml -> /home/panik_bel/ros2_ws/install/fake_tag_publisher/share/fake_tag_publisher
[4.914s] creating /home/panik_bel/ros2_ws/install/fake_tag_publisher/share/fake_tag_publisher/launch
[4.914s] copying launch/test_localization.launch.py -> /home/panik_bel/ros2_ws/install/fake_tag_publisher/share/fake_tag_publisher/launch
[4.914s] copying launch/run_localization_video.launch.py -> /home/panik_bel/ros2_ws/install/fake_tag_publisher/share/fake_tag_publisher/launch
[4.915s] creating /home/panik_bel/ros2_ws/install/fake_tag_publisher/share/fake_tag_publisher/config
[4.915s] copying config/camera_info.yaml -> /home/panik_bel/ros2_ws/install/fake_tag_publisher/share/fake_tag_publisher/config
[4.915s] copying config/tags_config.yaml -> /home/panik_bel/ros2_ws/install/fake_tag_publisher/share/fake_tag_publisher/config
[4.915s] running install_egg_info
[4.991s] Copying ../../build/fake_tag_publisher/fake_tag_publisher.egg-info to /home/panik_bel/ros2_ws/install/fake_tag_publisher/lib/python3.12/site-packages/fake_tag_publisher-0.0.0-py3.12.egg-info
[4.993s] running install_scripts
[5.401s] Installing camera_calibrator script to /home/panik_bel/ros2_ws/install/fake_tag_publisher/lib/fake_tag_publisher
[5.402s] Installing fake_tag_node script to /home/panik_bel/ros2_ws/install/fake_tag_publisher/lib/fake_tag_publisher
[5.403s] Installing localization_node script to /home/panik_bel/ros2_ws/install/fake_tag_publisher/lib/fake_tag_publisher
[5.403s] Installing static_tf_node script to /home/panik_bel/ros2_ws/install/fake_tag_publisher/lib/fake_tag_publisher
[5.406s] Installing video_tag_detector script to /home/panik_bel/ros2_ws/install/fake_tag_publisher/lib/fake_tag_publisher
[5.407s] writing list of installed files to '/home/panik_bel/ros2_ws/build/fake_tag_publisher/install.log'
[5.511s] Invoked command in '/home/panik_bel/ros2_ws/src/fake_tag_publisher' returned '0': AMENT_PREFIX_PATH=/home/panik_bel/ros2_ws/install/fake_tag_interfaces:${AMENT_PREFIX_PATH} CMAKE_PREFIX_PATH=/home/panik_bel/ros2_ws/install/fake_tag_interfaces:${CMAKE_PREFIX_PATH} DEBUGINFOD_URLS=https://debuginfod.ubuntu.com LD_LIBRARY_PATH=/home/panik_bel/ros2_ws/install/fake_tag_interfaces/lib:${LD_LIBRARY_PATH} PYTHONPATH=/home/panik_bel/ros2_ws/build/fake_tag_publisher/prefix_override:/home/panik_bel/ros2_ws/install/fake_tag_publisher/lib/python3.12/site-packages:/home/panik_bel/ros2_ws/install/fake_tag_interfaces/lib/python3.12/site-packages:${PYTHONPATH} /usr/bin/python3 setup.py egg_info --egg-base ../../build/fake_tag_publisher build --build-base /home/panik_bel/ros2_ws/build/fake_tag_publisher/build install --record /home/panik_bel/ros2_ws/build/fake_tag_publisher/install.log --single-version-externally-managed
