-- The C compiler identification is GNU 13.3.0
-- The CXX compiler identification is GNU 13.3.0
-- Detecting C compiler ABI info
-- Detecting C compiler ABI info - done
-- Check for working C compiler: /usr/bin/cc - skipped
-- Detecting C compile features
-- Detecting C compile features - done
-- Detecting CXX compiler ABI info
-- Detecting CXX compiler ABI info - done
-- Check for working CXX compiler: /usr/bin/c++ - skipped
-- Detecting CXX compile features
-- Detecting CXX compile features - done
-- Found ament_cmake: 2.5.6 (/opt/ros/jazzy/share/ament_cmake/cmake)
-- Found Python3: /usr/bin/python3 (found version "3.12.3") found components: Interpreter 
-- Found rosidl_default_generators: 1.6.0 (/opt/ros/jazzy/share/rosidl_default_generators/cmake)
-- Using all available rosidl_typesupport_c: rosidl_typesupport_fastrtps_c;rosidl_typesupport_introspection_c
-- Using all available rosidl_typesupport_cpp: rosidl_typesupport_fastrtps_cpp;rosidl_typesupport_introspection_cpp
-- Found rosidl_adapter: 4.6.7 (/opt/ros/jazzy/share/rosidl_adapter/cmake)
-- Found std_msgs: 5.3.7 (/opt/ros/jazzy/share/std_msgs/cmake)
-- Found geometry_msgs: 5.3.7 (/opt/ros/jazzy/share/geometry_msgs/cmake)
-- Found ament_cmake_ros: 0.12.0 (/opt/ros/jazzy/share/ament_cmake_ros/cmake)
-- Using all available rosidl_typesupport_c: rosidl_typesupport_fastrtps_c;rosidl_typesupport_introspection_c
-- Using all available rosidl_typesupport_cpp: rosidl_typesupport_fastrtps_cpp;rosidl_typesupport_introspection_cpp
-- Found python_cmake_module: 0.11.1 (/opt/ros/jazzy/share/python_cmake_module/cmake)
-- Found PythonExtra: /usr/bin/python3  
-- Found Python3: /usr/bin/python3 (found version "3.12.3") found components: Interpreter Development NumPy Development.Module Development.Embed 
-- Found Python3: /usr/bin/python3 (found version "3.12.3") found components: Interpreter 
-- Configuring done (10.0s)
-- Generating done (0.1s)
-- Build files have been written to: /home/panik_bel/ros2_ws/build/fake_tag_interfaces
[  2%] [34m[1mGenerating Rust code for ROS interfaces[0m
[  2%] Built target fake_tag_interfaces__rs
[  4%] [34m[1mGenerating type hashes for ROS interfaces[0m
[  4%] Built target fake_tag_interfaces__rosidl_generator_type_description
[  4%] Built target ament_cmake_python_copy_fake_tag_interfaces
[  6%] [34m[1mGenerating C++ code for ROS interfaces[0m
[  6%] Built target fake_tag_interfaces__cpp
[  8%] [34m[1mGenerating C code for ROS interfaces[0m
[ 11%] [32mBuilding C object CMakeFiles/fake_tag_interfaces__rosidl_generator_c.dir/rosidl_generator_c/fake_tag_interfaces/msg/detail/tag_detection__description.c.o[0m
[ 13%] [32mBuilding C object CMakeFiles/fake_tag_interfaces__rosidl_generator_c.dir/rosidl_generator_c/fake_tag_interfaces/msg/detail/tag_detection__functions.c.o[0m
[ 15%] [32mBuilding C object CMakeFiles/fake_tag_interfaces__rosidl_generator_c.dir/rosidl_generator_c/fake_tag_interfaces/msg/detail/tag_detection__type_support.c.o[0m
[ 17%] [32mBuilding C object CMakeFiles/fake_tag_interfaces__rosidl_generator_c.dir/rosidl_generator_c/fake_tag_interfaces/msg/detail/tag_detection_array__description.c.o[0m
[ 20%] [32mBuilding C object CMakeFiles/fake_tag_interfaces__rosidl_generator_c.dir/rosidl_generator_c/fake_tag_interfaces/msg/detail/tag_detection_array__functions.c.o[0m
[ 22%] [32mBuilding C object CMakeFiles/fake_tag_interfaces__rosidl_generator_c.dir/rosidl_generator_c/fake_tag_interfaces/msg/detail/tag_detection_array__type_support.c.o[0m
[ 24%] [32m[1mLinking C shared library libfake_tag_interfaces__rosidl_generator_c.so[0m
[ 24%] Built target fake_tag_interfaces__rosidl_generator_c
running egg_info
creating fake_tag_interfaces.egg-info
writing fake_tag_interfaces.egg-info/PKG-INFO
writing dependency_links to fake_tag_interfaces.egg-info/dependency_links.txt
writing top-level names to fake_tag_interfaces.egg-info/top_level.txt
writing manifest file 'fake_tag_interfaces.egg-info/SOURCES.txt'
reading manifest file 'fake_tag_interfaces.egg-info/SOURCES.txt'
writing manifest file 'fake_tag_interfaces.egg-info/SOURCES.txt'
[ 24%] Built target ament_cmake_python_build_fake_tag_interfaces_egg
[ 26%] [34m[1mGenerating C++ type support for eProsima Fast-RTPS[0m
[ 28%] [32mBuilding CXX object CMakeFiles/fake_tag_interfaces__rosidl_typesupport_fastrtps_cpp.dir/rosidl_typesupport_fastrtps_cpp/fake_tag_interfaces/msg/detail/dds_fastrtps/tag_detection__type_support.cpp.o[0m
[ 31%] [32mBuilding CXX object CMakeFiles/fake_tag_interfaces__rosidl_typesupport_fastrtps_cpp.dir/rosidl_typesupport_fastrtps_cpp/fake_tag_interfaces/msg/detail/dds_fastrtps/tag_detection_array__type_support.cpp.o[0m
[ 33%] [32m[1mLinking CXX shared library libfake_tag_interfaces__rosidl_typesupport_fastrtps_cpp.so[0m
[ 33%] Built target fake_tag_interfaces__rosidl_typesupport_fastrtps_cpp
[ 35%] [34m[1mGenerating C++ introspection for ROS interfaces[0m
[ 37%] [32mBuilding CXX object CMakeFiles/fake_tag_interfaces__rosidl_typesupport_introspection_cpp.dir/rosidl_typesupport_introspection_cpp/fake_tag_interfaces/msg/detail/tag_detection__type_support.cpp.o[0m
[ 40%] [32mBuilding CXX object CMakeFiles/fake_tag_interfaces__rosidl_typesupport_introspection_cpp.dir/rosidl_typesupport_introspection_cpp/fake_tag_interfaces/msg/detail/tag_detection_array__type_support.cpp.o[0m
[ 42%] [32m[1mLinking CXX shared library libfake_tag_interfaces__rosidl_typesupport_introspection_cpp.so[0m
[ 42%] Built target fake_tag_interfaces__rosidl_typesupport_introspection_cpp
[ 44%] [34m[1mGenerating C++ type support dispatch for ROS interfaces[0m
[ 46%] [32mBuilding CXX object CMakeFiles/fake_tag_interfaces__rosidl_typesupport_cpp.dir/rosidl_typesupport_cpp/fake_tag_interfaces/msg/tag_detection__type_support.cpp.o[0m
[ 48%] [32mBuilding CXX object CMakeFiles/fake_tag_interfaces__rosidl_typesupport_cpp.dir/rosidl_typesupport_cpp/fake_tag_interfaces/msg/tag_detection_array__type_support.cpp.o[0m
[ 51%] [32m[1mLinking CXX shared library libfake_tag_interfaces__rosidl_typesupport_cpp.so[0m
[ 51%] Built target fake_tag_interfaces__rosidl_typesupport_cpp
[ 53%] [34m[1mGenerating C type support for eProsima Fast-RTPS[0m
[ 55%] [32mBuilding CXX object CMakeFiles/fake_tag_interfaces__rosidl_typesupport_fastrtps_c.dir/rosidl_typesupport_fastrtps_c/fake_tag_interfaces/msg/detail/tag_detection__type_support_c.cpp.o[0m
[ 57%] [32mBuilding CXX object CMakeFiles/fake_tag_interfaces__rosidl_typesupport_fastrtps_c.dir/rosidl_typesupport_fastrtps_c/fake_tag_interfaces/msg/detail/tag_detection_array__type_support_c.cpp.o[0m
[ 60%] [32m[1mLinking CXX shared library libfake_tag_interfaces__rosidl_typesupport_fastrtps_c.so[0m
[ 60%] Built target fake_tag_interfaces__rosidl_typesupport_fastrtps_c
[ 62%] [34m[1mGenerating C introspection for ROS interfaces[0m
[ 64%] [32mBuilding C object CMakeFiles/fake_tag_interfaces__rosidl_typesupport_introspection_c.dir/rosidl_typesupport_introspection_c/fake_tag_interfaces/msg/detail/tag_detection__type_support.c.o[0m
[ 66%] [32mBuilding C object CMakeFiles/fake_tag_interfaces__rosidl_typesupport_introspection_c.dir/rosidl_typesupport_introspection_c/fake_tag_interfaces/msg/detail/tag_detection_array__type_support.c.o[0m
[ 68%] [32m[1mLinking C shared library libfake_tag_interfaces__rosidl_typesupport_introspection_c.so[0m
[ 68%] Built target fake_tag_interfaces__rosidl_typesupport_introspection_c
[ 71%] [34m[1mGenerating C type support dispatch for ROS interfaces[0m
[ 73%] [32mBuilding CXX object CMakeFiles/fake_tag_interfaces__rosidl_typesupport_c.dir/rosidl_typesupport_c/fake_tag_interfaces/msg/tag_detection__type_support.cpp.o[0m
[ 75%] [32mBuilding CXX object CMakeFiles/fake_tag_interfaces__rosidl_typesupport_c.dir/rosidl_typesupport_c/fake_tag_interfaces/msg/tag_detection_array__type_support.cpp.o[0m
[ 77%] [32m[1mLinking CXX shared library libfake_tag_interfaces__rosidl_typesupport_c.so[0m
[ 77%] Built target fake_tag_interfaces__rosidl_typesupport_c
[ 77%] Built target fake_tag_interfaces
[ 80%] [34m[1mGenerating Python code for ROS interfaces[0m
[ 80%] Built target fake_tag_interfaces__py
[ 82%] [32mBuilding C object CMakeFiles/fake_tag_interfaces__rosidl_generator_py.dir/rosidl_generator_py/fake_tag_interfaces/msg/_tag_detection_s.c.o[0m
[ 84%] [32mBuilding C object CMakeFiles/fake_tag_interfaces__rosidl_generator_py.dir/rosidl_generator_py/fake_tag_interfaces/msg/_tag_detection_array_s.c.o[0m
[ 86%] [32m[1mLinking C shared library libfake_tag_interfaces__rosidl_generator_py.so[0m
[ 86%] Built target fake_tag_interfaces__rosidl_generator_py
[ 88%] [32mBuilding C object CMakeFiles/fake_tag_interfaces_s__rosidl_typesupport_fastrtps_c.dir/rosidl_generator_py/fake_tag_interfaces/_fake_tag_interfaces_s.ep.rosidl_typesupport_fastrtps_c.c.o[0m
[ 91%] [32m[1mLinking C shared module rosidl_generator_py/fake_tag_interfaces/fake_tag_interfaces_s__rosidl_typesupport_fastrtps_c.so[0m
[ 91%] Built target fake_tag_interfaces_s__rosidl_typesupport_fastrtps_c
[ 93%] [32mBuilding C object CMakeFiles/fake_tag_interfaces_s__rosidl_typesupport_introspection_c.dir/rosidl_generator_py/fake_tag_interfaces/_fake_tag_interfaces_s.ep.rosidl_typesupport_introspection_c.c.o[0m
[ 95%] [32m[1mLinking C shared module rosidl_generator_py/fake_tag_interfaces/fake_tag_interfaces_s__rosidl_typesupport_introspection_c.so[0m
[ 95%] Built target fake_tag_interfaces_s__rosidl_typesupport_introspection_c
[ 97%] [32mBuilding C object CMakeFiles/fake_tag_interfaces_s__rosidl_typesupport_c.dir/rosidl_generator_py/fake_tag_interfaces/_fake_tag_interfaces_s.ep.rosidl_typesupport_c.c.o[0m
[100%] [32m[1mLinking C shared module rosidl_generator_py/fake_tag_interfaces/fake_tag_interfaces_s__rosidl_typesupport_c.so[0m
[100%] Built target fake_tag_interfaces_s__rosidl_typesupport_c
-- Install configuration: ""
-- Installing: /home/panik_bel/ros2_ws/install/fake_tag_interfaces/share/ament_index/resource_index/rosidl_interfaces/fake_tag_interfaces
-- Installing: /home/panik_bel/ros2_ws/install/fake_tag_interfaces/share/fake_tag_interfaces/msg/TagDetection.json
-- Installing: /home/panik_bel/ros2_ws/install/fake_tag_interfaces/share/fake_tag_interfaces/msg/TagDetectionArray.json
-- Installing: /home/panik_bel/ros2_ws/install/fake_tag_interfaces/include/fake_tag_interfaces/fake_tag_interfaces
-- Installing: /home/panik_bel/ros2_ws/install/fake_tag_interfaces/include/fake_tag_interfaces/fake_tag_interfaces/msg
-- Installing: /home/panik_bel/ros2_ws/install/fake_tag_interfaces/include/fake_tag_interfaces/fake_tag_interfaces/msg/rosidl_generator_c__visibility_control.h
-- Installing: /home/panik_bel/ros2_ws/install/fake_tag_interfaces/include/fake_tag_interfaces/fake_tag_interfaces/msg/detail
-- Installing: /home/panik_bel/ros2_ws/install/fake_tag_interfaces/include/fake_tag_interfaces/fake_tag_interfaces/msg/detail/tag_detection__description.c
-- Installing: /home/panik_bel/ros2_ws/install/fake_tag_interfaces/include/fake_tag_interfaces/fake_tag_interfaces/msg/detail/tag_detection__functions.c
-- Installing: /home/panik_bel/ros2_ws/install/fake_tag_interfaces/include/fake_tag_interfaces/fake_tag_interfaces/msg/detail/tag_detection_array__functions.h
-- Installing: /home/panik_bel/ros2_ws/install/fake_tag_interfaces/include/fake_tag_interfaces/fake_tag_interfaces/msg/detail/tag_detection__type_support.h
-- Installing: /home/panik_bel/ros2_ws/install/fake_tag_interfaces/include/fake_tag_interfaces/fake_tag_interfaces/msg/detail/tag_detection_array__type_support.h
-- Installing: /home/panik_bel/ros2_ws/install/fake_tag_interfaces/include/fake_tag_interfaces/fake_tag_interfaces/msg/detail/tag_detection_array__struct.h
-- Installing: /home/panik_bel/ros2_ws/install/fake_tag_interfaces/include/fake_tag_interfaces/fake_tag_interfaces/msg/detail/tag_detection_array__functions.c
-- Installing: /home/panik_bel/ros2_ws/install/fake_tag_interfaces/include/fake_tag_interfaces/fake_tag_interfaces/msg/detail/tag_detection__type_support.c
-- Installing: /home/panik_bel/ros2_ws/install/fake_tag_interfaces/include/fake_tag_interfaces/fake_tag_interfaces/msg/detail/tag_detection_array__type_support.c
-- Installing: /home/panik_bel/ros2_ws/install/fake_tag_interfaces/include/fake_tag_interfaces/fake_tag_interfaces/msg/detail/tag_detection__struct.h
-- Installing: /home/panik_bel/ros2_ws/install/fake_tag_interfaces/include/fake_tag_interfaces/fake_tag_interfaces/msg/detail/tag_detection_array__description.c
-- Installing: /home/panik_bel/ros2_ws/install/fake_tag_interfaces/include/fake_tag_interfaces/fake_tag_interfaces/msg/detail/tag_detection__functions.h
-- Installing: /home/panik_bel/ros2_ws/install/fake_tag_interfaces/include/fake_tag_interfaces/fake_tag_interfaces/msg/tag_detection_array.h
-- Installing: /home/panik_bel/ros2_ws/install/fake_tag_interfaces/include/fake_tag_interfaces/fake_tag_interfaces/msg/tag_detection.h
-- Installing: /home/panik_bel/ros2_ws/install/fake_tag_interfaces/share/fake_tag_interfaces/environment/library_path.sh
-- Installing: /home/panik_bel/ros2_ws/install/fake_tag_interfaces/share/fake_tag_interfaces/environment/library_path.dsv
-- Installing: /home/panik_bel/ros2_ws/install/fake_tag_interfaces/lib/libfake_tag_interfaces__rosidl_generator_c.so
-- Set non-toolchain portion of runtime path of "/home/panik_bel/ros2_ws/install/fake_tag_interfaces/lib/libfake_tag_interfaces__rosidl_generator_c.so" to ""
-- Up-to-date: /home/panik_bel/ros2_ws/install/fake_tag_interfaces/include/fake_tag_interfaces/fake_tag_interfaces
-- Up-to-date: /home/panik_bel/ros2_ws/install/fake_tag_interfaces/include/fake_tag_interfaces/fake_tag_interfaces/msg
-- Installing: /home/panik_bel/ros2_ws/install/fake_tag_interfaces/include/fake_tag_interfaces/fake_tag_interfaces/msg/rosidl_typesupport_fastrtps_c__visibility_control.h
-- Up-to-date: /home/panik_bel/ros2_ws/install/fake_tag_interfaces/include/fake_tag_interfaces/fake_tag_interfaces/msg/detail
-- Installing: /home/panik_bel/ros2_ws/install/fake_tag_interfaces/include/fake_tag_interfaces/fake_tag_interfaces/msg/detail/tag_detection_array__rosidl_typesupport_fastrtps_c.h
-- Installing: /home/panik_bel/ros2_ws/install/fake_tag_interfaces/include/fake_tag_interfaces/fake_tag_interfaces/msg/detail/tag_detection__rosidl_typesupport_fastrtps_c.h
-- Installing: /home/panik_bel/ros2_ws/install/fake_tag_interfaces/lib/libfake_tag_interfaces__rosidl_typesupport_fastrtps_c.so
-- Set non-toolchain portion of runtime path of "/home/panik_bel/ros2_ws/install/fake_tag_interfaces/lib/libfake_tag_interfaces__rosidl_typesupport_fastrtps_c.so" to ""
-- Up-to-date: /home/panik_bel/ros2_ws/install/fake_tag_interfaces/include/fake_tag_interfaces/fake_tag_interfaces
-- Up-to-date: /home/panik_bel/ros2_ws/install/fake_tag_interfaces/include/fake_tag_interfaces/fake_tag_interfaces/msg
-- Up-to-date: /home/panik_bel/ros2_ws/install/fake_tag_interfaces/include/fake_tag_interfaces/fake_tag_interfaces/msg/detail
-- Installing: /home/panik_bel/ros2_ws/install/fake_tag_interfaces/include/fake_tag_interfaces/fake_tag_interfaces/msg/detail/tag_detection_array__rosidl_typesupport_introspection_c.h
-- Installing: /home/panik_bel/ros2_ws/install/fake_tag_interfaces/include/fake_tag_interfaces/fake_tag_interfaces/msg/detail/tag_detection__type_support.c
-- Installing: /home/panik_bel/ros2_ws/install/fake_tag_interfaces/include/fake_tag_interfaces/fake_tag_interfaces/msg/detail/tag_detection_array__type_support.c
-- Installing: /home/panik_bel/ros2_ws/install/fake_tag_interfaces/include/fake_tag_interfaces/fake_tag_interfaces/msg/detail/tag_detection__rosidl_typesupport_introspection_c.h
-- Installing: /home/panik_bel/ros2_ws/install/fake_tag_interfaces/include/fake_tag_interfaces/fake_tag_interfaces/msg/rosidl_typesupport_introspection_c__visibility_control.h
-- Installing: /home/panik_bel/ros2_ws/install/fake_tag_interfaces/lib/libfake_tag_interfaces__rosidl_typesupport_introspection_c.so
-- Set non-toolchain portion of runtime path of "/home/panik_bel/ros2_ws/install/fake_tag_interfaces/lib/libfake_tag_interfaces__rosidl_typesupport_introspection_c.so" to ""
-- Installing: /home/panik_bel/ros2_ws/install/fake_tag_interfaces/lib/libfake_tag_interfaces__rosidl_typesupport_c.so
-- Set non-toolchain portion of runtime path of "/home/panik_bel/ros2_ws/install/fake_tag_interfaces/lib/libfake_tag_interfaces__rosidl_typesupport_c.so" to ""
-- Up-to-date: /home/panik_bel/ros2_ws/install/fake_tag_interfaces/include/fake_tag_interfaces/fake_tag_interfaces
-- Up-to-date: /home/panik_bel/ros2_ws/install/fake_tag_interfaces/include/fake_tag_interfaces/fake_tag_interfaces/msg
-- Installing: /home/panik_bel/ros2_ws/install/fake_tag_interfaces/include/fake_tag_interfaces/fake_tag_interfaces/msg/tag_detection.hpp
-- Up-to-date: /home/panik_bel/ros2_ws/install/fake_tag_interfaces/include/fake_tag_interfaces/fake_tag_interfaces/msg/detail
-- Installing: /home/panik_bel/ros2_ws/install/fake_tag_interfaces/include/fake_tag_interfaces/fake_tag_interfaces/msg/detail/tag_detection_array__builder.hpp
-- Installing: /home/panik_bel/ros2_ws/install/fake_tag_interfaces/include/fake_tag_interfaces/fake_tag_interfaces/msg/detail/tag_detection__type_support.hpp
-- Installing: /home/panik_bel/ros2_ws/install/fake_tag_interfaces/include/fake_tag_interfaces/fake_tag_interfaces/msg/detail/tag_detection__builder.hpp
-- Installing: /home/panik_bel/ros2_ws/install/fake_tag_interfaces/include/fake_tag_interfaces/fake_tag_interfaces/msg/detail/tag_detection__traits.hpp
-- Installing: /home/panik_bel/ros2_ws/install/fake_tag_interfaces/include/fake_tag_interfaces/fake_tag_interfaces/msg/detail/tag_detection_array__type_support.hpp
-- Installing: /home/panik_bel/ros2_ws/install/fake_tag_interfaces/include/fake_tag_interfaces/fake_tag_interfaces/msg/detail/tag_detection_array__struct.hpp
-- Installing: /home/panik_bel/ros2_ws/install/fake_tag_interfaces/include/fake_tag_interfaces/fake_tag_interfaces/msg/detail/tag_detection_array__traits.hpp
-- Installing: /home/panik_bel/ros2_ws/install/fake_tag_interfaces/include/fake_tag_interfaces/fake_tag_interfaces/msg/detail/tag_detection__struct.hpp
-- Installing: /home/panik_bel/ros2_ws/install/fake_tag_interfaces/include/fake_tag_interfaces/fake_tag_interfaces/msg/rosidl_generator_cpp__visibility_control.hpp
-- Installing: /home/panik_bel/ros2_ws/install/fake_tag_interfaces/include/fake_tag_interfaces/fake_tag_interfaces/msg/tag_detection_array.hpp
-- Up-to-date: /home/panik_bel/ros2_ws/install/fake_tag_interfaces/include/fake_tag_interfaces/fake_tag_interfaces
-- Up-to-date: /home/panik_bel/ros2_ws/install/fake_tag_interfaces/include/fake_tag_interfaces/fake_tag_interfaces/msg
-- Up-to-date: /home/panik_bel/ros2_ws/install/fake_tag_interfaces/include/fake_tag_interfaces/fake_tag_interfaces/msg/detail
-- Installing: /home/panik_bel/ros2_ws/install/fake_tag_interfaces/include/fake_tag_interfaces/fake_tag_interfaces/msg/detail/dds_fastrtps
-- Installing: /home/panik_bel/ros2_ws/install/fake_tag_interfaces/include/fake_tag_interfaces/fake_tag_interfaces/msg/detail/tag_detection_array__rosidl_typesupport_fastrtps_cpp.hpp
-- Installing: /home/panik_bel/ros2_ws/install/fake_tag_interfaces/include/fake_tag_interfaces/fake_tag_interfaces/msg/detail/tag_detection__rosidl_typesupport_fastrtps_cpp.hpp
-- Installing: /home/panik_bel/ros2_ws/install/fake_tag_interfaces/include/fake_tag_interfaces/fake_tag_interfaces/msg/rosidl_typesupport_fastrtps_cpp__visibility_control.h
-- Installing: /home/panik_bel/ros2_ws/install/fake_tag_interfaces/lib/libfake_tag_interfaces__rosidl_typesupport_fastrtps_cpp.so
-- Set non-toolchain portion of runtime path of "/home/panik_bel/ros2_ws/install/fake_tag_interfaces/lib/libfake_tag_interfaces__rosidl_typesupport_fastrtps_cpp.so" to ""
-- Up-to-date: /home/panik_bel/ros2_ws/install/fake_tag_interfaces/include/fake_tag_interfaces/fake_tag_interfaces
-- Up-to-date: /home/panik_bel/ros2_ws/install/fake_tag_interfaces/include/fake_tag_interfaces/fake_tag_interfaces/msg
-- Up-to-date: /home/panik_bel/ros2_ws/install/fake_tag_interfaces/include/fake_tag_interfaces/fake_tag_interfaces/msg/detail
-- Installing: /home/panik_bel/ros2_ws/install/fake_tag_interfaces/include/fake_tag_interfaces/fake_tag_interfaces/msg/detail/tag_detection_array__type_support.cpp
-- Installing: /home/panik_bel/ros2_ws/install/fake_tag_interfaces/include/fake_tag_interfaces/fake_tag_interfaces/msg/detail/tag_detection__type_support.cpp
-- Installing: /home/panik_bel/ros2_ws/install/fake_tag_interfaces/include/fake_tag_interfaces/fake_tag_interfaces/msg/detail/tag_detection_array__rosidl_typesupport_introspection_cpp.hpp
-- Installing: /home/panik_bel/ros2_ws/install/fake_tag_interfaces/include/fake_tag_interfaces/fake_tag_interfaces/msg/detail/tag_detection__rosidl_typesupport_introspection_cpp.hpp
-- Installing: /home/panik_bel/ros2_ws/install/fake_tag_interfaces/lib/libfake_tag_interfaces__rosidl_typesupport_introspection_cpp.so
-- Set non-toolchain portion of runtime path of "/home/panik_bel/ros2_ws/install/fake_tag_interfaces/lib/libfake_tag_interfaces__rosidl_typesupport_introspection_cpp.so" to ""
-- Installing: /home/panik_bel/ros2_ws/install/fake_tag_interfaces/lib/libfake_tag_interfaces__rosidl_typesupport_cpp.so
-- Set non-toolchain portion of runtime path of "/home/panik_bel/ros2_ws/install/fake_tag_interfaces/lib/libfake_tag_interfaces__rosidl_typesupport_cpp.so" to ""
-- Installing: /home/panik_bel/ros2_ws/install/fake_tag_interfaces/share/fake_tag_interfaces/environment/pythonpath.sh
-- Installing: /home/panik_bel/ros2_ws/install/fake_tag_interfaces/share/fake_tag_interfaces/environment/pythonpath.dsv
-- Installing: /home/panik_bel/ros2_ws/install/fake_tag_interfaces/lib/python3.12/site-packages/fake_tag_interfaces-0.0.0-py3.12.egg-info
-- Installing: /home/panik_bel/ros2_ws/install/fake_tag_interfaces/lib/python3.12/site-packages/fake_tag_interfaces-0.0.0-py3.12.egg-info/PKG-INFO
-- Installing: /home/panik_bel/ros2_ws/install/fake_tag_interfaces/lib/python3.12/site-packages/fake_tag_interfaces-0.0.0-py3.12.egg-info/dependency_links.txt
-- Installing: /home/panik_bel/ros2_ws/install/fake_tag_interfaces/lib/python3.12/site-packages/fake_tag_interfaces-0.0.0-py3.12.egg-info/SOURCES.txt
-- Installing: /home/panik_bel/ros2_ws/install/fake_tag_interfaces/lib/python3.12/site-packages/fake_tag_interfaces-0.0.0-py3.12.egg-info/top_level.txt
-- Installing: /home/panik_bel/ros2_ws/install/fake_tag_interfaces/lib/python3.12/site-packages/fake_tag_interfaces
-- Installing: /home/panik_bel/ros2_ws/install/fake_tag_interfaces/lib/python3.12/site-packages/fake_tag_interfaces/__init__.py
-- Installing: /home/panik_bel/ros2_ws/install/fake_tag_interfaces/lib/python3.12/site-packages/fake_tag_interfaces/fake_tag_interfaces_s__rosidl_typesupport_fastrtps_c.so
-- Installing: /home/panik_bel/ros2_ws/install/fake_tag_interfaces/lib/python3.12/site-packages/fake_tag_interfaces/fake_tag_interfaces_s__rosidl_typesupport_c.so
-- Installing: /home/panik_bel/ros2_ws/install/fake_tag_interfaces/lib/python3.12/site-packages/fake_tag_interfaces/_fake_tag_interfaces_s.ep.rosidl_typesupport_introspection_c.c
-- Installing: /home/panik_bel/ros2_ws/install/fake_tag_interfaces/lib/python3.12/site-packages/fake_tag_interfaces/msg
-- Installing: /home/panik_bel/ros2_ws/install/fake_tag_interfaces/lib/python3.12/site-packages/fake_tag_interfaces/msg/__init__.py
-- Installing: /home/panik_bel/ros2_ws/install/fake_tag_interfaces/lib/python3.12/site-packages/fake_tag_interfaces/msg/_tag_detection_s.c
-- Installing: /home/panik_bel/ros2_ws/install/fake_tag_interfaces/lib/python3.12/site-packages/fake_tag_interfaces/msg/_tag_detection.py
-- Installing: /home/panik_bel/ros2_ws/install/fake_tag_interfaces/lib/python3.12/site-packages/fake_tag_interfaces/msg/_tag_detection_array_s.c
-- Installing: /home/panik_bel/ros2_ws/install/fake_tag_interfaces/lib/python3.12/site-packages/fake_tag_interfaces/msg/_tag_detection_array.py
-- Installing: /home/panik_bel/ros2_ws/install/fake_tag_interfaces/lib/python3.12/site-packages/fake_tag_interfaces/fake_tag_interfaces_s__rosidl_typesupport_introspection_c.so
-- Installing: /home/panik_bel/ros2_ws/install/fake_tag_interfaces/lib/python3.12/site-packages/fake_tag_interfaces/_fake_tag_interfaces_s.ep.rosidl_typesupport_fastrtps_c.c
-- Installing: /home/panik_bel/ros2_ws/install/fake_tag_interfaces/lib/python3.12/site-packages/fake_tag_interfaces/_fake_tag_interfaces_s.ep.rosidl_typesupport_c.c
Listing '/home/panik_bel/ros2_ws/install/fake_tag_interfaces/lib/python3.12/site-packages/fake_tag_interfaces'...
Compiling '/home/panik_bel/ros2_ws/install/fake_tag_interfaces/lib/python3.12/site-packages/fake_tag_interfaces/__init__.py'...
Listing '/home/panik_bel/ros2_ws/install/fake_tag_interfaces/lib/python3.12/site-packages/fake_tag_interfaces/msg'...
Compiling '/home/panik_bel/ros2_ws/install/fake_tag_interfaces/lib/python3.12/site-packages/fake_tag_interfaces/msg/__init__.py'...
Compiling '/home/panik_bel/ros2_ws/install/fake_tag_interfaces/lib/python3.12/site-packages/fake_tag_interfaces/msg/_tag_detection.py'...
Compiling '/home/panik_bel/ros2_ws/install/fake_tag_interfaces/lib/python3.12/site-packages/fake_tag_interfaces/msg/_tag_detection_array.py'...
-- Installing: /home/panik_bel/ros2_ws/install/fake_tag_interfaces/lib/python3.12/site-packages/fake_tag_interfaces/fake_tag_interfaces_s__rosidl_typesupport_fastrtps_c.so
-- Set non-toolchain portion of runtime path of "/home/panik_bel/ros2_ws/install/fake_tag_interfaces/lib/python3.12/site-packages/fake_tag_interfaces/fake_tag_interfaces_s__rosidl_typesupport_fastrtps_c.so" to ""
-- Installing: /home/panik_bel/ros2_ws/install/fake_tag_interfaces/lib/python3.12/site-packages/fake_tag_interfaces/fake_tag_interfaces_s__rosidl_typesupport_introspection_c.so
-- Set non-toolchain portion of runtime path of "/home/panik_bel/ros2_ws/install/fake_tag_interfaces/lib/python3.12/site-packages/fake_tag_interfaces/fake_tag_interfaces_s__rosidl_typesupport_introspection_c.so" to ""
-- Installing: /home/panik_bel/ros2_ws/install/fake_tag_interfaces/lib/python3.12/site-packages/fake_tag_interfaces/fake_tag_interfaces_s__rosidl_typesupport_c.so
-- Set non-toolchain portion of runtime path of "/home/panik_bel/ros2_ws/install/fake_tag_interfaces/lib/python3.12/site-packages/fake_tag_interfaces/fake_tag_interfaces_s__rosidl_typesupport_c.so" to ""
-- Installing: /home/panik_bel/ros2_ws/install/fake_tag_interfaces/lib/libfake_tag_interfaces__rosidl_generator_py.so
-- Set non-toolchain portion of runtime path of "/home/panik_bel/ros2_ws/install/fake_tag_interfaces/lib/libfake_tag_interfaces__rosidl_generator_py.so" to ""
-- Installing: /home/panik_bel/ros2_ws/install/fake_tag_interfaces/share/ament_index/resource_index/rust_packages/fake_tag_interfaces
-- Installing: /home/panik_bel/ros2_ws/install/fake_tag_interfaces/share/fake_tag_interfaces/rust
-- Installing: /home/panik_bel/ros2_ws/install/fake_tag_interfaces/share/fake_tag_interfaces/rust/Cargo.toml
-- Installing: /home/panik_bel/ros2_ws/install/fake_tag_interfaces/share/fake_tag_interfaces/rust/build.rs
-- Installing: /home/panik_bel/ros2_ws/install/fake_tag_interfaces/share/fake_tag_interfaces/rust/src
-- Installing: /home/panik_bel/ros2_ws/install/fake_tag_interfaces/share/fake_tag_interfaces/rust/src/lib.rs
-- Installing: /home/panik_bel/ros2_ws/install/fake_tag_interfaces/share/fake_tag_interfaces/rust/src/msg
-- Installing: /home/panik_bel/ros2_ws/install/fake_tag_interfaces/share/fake_tag_interfaces/rust/src/msg/rmw.rs
-- Installing: /home/panik_bel/ros2_ws/install/fake_tag_interfaces/share/fake_tag_interfaces/rust/src/msg.rs
-- Installing: /home/panik_bel/ros2_ws/install/fake_tag_interfaces/share/fake_tag_interfaces/msg/TagDetection.idl
-- Installing: /home/panik_bel/ros2_ws/install/fake_tag_interfaces/share/fake_tag_interfaces/msg/TagDetectionArray.idl
-- Installing: /home/panik_bel/ros2_ws/install/fake_tag_interfaces/share/fake_tag_interfaces/msg/TagDetection.msg
-- Installing: /home/panik_bel/ros2_ws/install/fake_tag_interfaces/share/fake_tag_interfaces/msg/TagDetectionArray.msg
-- Installing: /home/panik_bel/ros2_ws/install/fake_tag_interfaces/share/ament_index/resource_index/package_run_dependencies/fake_tag_interfaces
-- Installing: /home/panik_bel/ros2_ws/install/fake_tag_interfaces/share/ament_index/resource_index/parent_prefix_path/fake_tag_interfaces
-- Installing: /home/panik_bel/ros2_ws/install/fake_tag_interfaces/share/fake_tag_interfaces/environment/ament_prefix_path.sh
-- Installing: /home/panik_bel/ros2_ws/install/fake_tag_interfaces/share/fake_tag_interfaces/environment/ament_prefix_path.dsv
-- Installing: /home/panik_bel/ros2_ws/install/fake_tag_interfaces/share/fake_tag_interfaces/environment/path.sh
-- Installing: /home/panik_bel/ros2_ws/install/fake_tag_interfaces/share/fake_tag_interfaces/environment/path.dsv
-- Installing: /home/panik_bel/ros2_ws/install/fake_tag_interfaces/share/fake_tag_interfaces/local_setup.bash
-- Installing: /home/panik_bel/ros2_ws/install/fake_tag_interfaces/share/fake_tag_interfaces/local_setup.sh
-- Installing: /home/panik_bel/ros2_ws/install/fake_tag_interfaces/share/fake_tag_interfaces/local_setup.zsh
-- Installing: /home/panik_bel/ros2_ws/install/fake_tag_interfaces/share/fake_tag_interfaces/local_setup.dsv
-- Installing: /home/panik_bel/ros2_ws/install/fake_tag_interfaces/share/fake_tag_interfaces/package.dsv
-- Installing: /home/panik_bel/ros2_ws/install/fake_tag_interfaces/share/ament_index/resource_index/packages/fake_tag_interfaces
-- Installing: /home/panik_bel/ros2_ws/install/fake_tag_interfaces/share/fake_tag_interfaces/cmake/export_fake_tag_interfaces__rosidl_generator_cExport.cmake
-- Installing: /home/panik_bel/ros2_ws/install/fake_tag_interfaces/share/fake_tag_interfaces/cmake/export_fake_tag_interfaces__rosidl_generator_cExport-noconfig.cmake
-- Installing: /home/panik_bel/ros2_ws/install/fake_tag_interfaces/share/fake_tag_interfaces/cmake/export_fake_tag_interfaces__rosidl_typesupport_fastrtps_cExport.cmake
-- Installing: /home/panik_bel/ros2_ws/install/fake_tag_interfaces/share/fake_tag_interfaces/cmake/export_fake_tag_interfaces__rosidl_typesupport_fastrtps_cExport-noconfig.cmake
-- Installing: /home/panik_bel/ros2_ws/install/fake_tag_interfaces/share/fake_tag_interfaces/cmake/fake_tag_interfaces__rosidl_typesupport_introspection_cExport.cmake
-- Installing: /home/panik_bel/ros2_ws/install/fake_tag_interfaces/share/fake_tag_interfaces/cmake/fake_tag_interfaces__rosidl_typesupport_introspection_cExport-noconfig.cmake
-- Installing: /home/panik_bel/ros2_ws/install/fake_tag_interfaces/share/fake_tag_interfaces/cmake/fake_tag_interfaces__rosidl_typesupport_cExport.cmake
-- Installing: /home/panik_bel/ros2_ws/install/fake_tag_interfaces/share/fake_tag_interfaces/cmake/fake_tag_interfaces__rosidl_typesupport_cExport-noconfig.cmake
-- Installing: /home/panik_bel/ros2_ws/install/fake_tag_interfaces/share/fake_tag_interfaces/cmake/export_fake_tag_interfaces__rosidl_generator_cppExport.cmake
-- Installing: /home/panik_bel/ros2_ws/install/fake_tag_interfaces/share/fake_tag_interfaces/cmake/export_fake_tag_interfaces__rosidl_typesupport_fastrtps_cppExport.cmake
-- Installing: /home/panik_bel/ros2_ws/install/fake_tag_interfaces/share/fake_tag_interfaces/cmake/export_fake_tag_interfaces__rosidl_typesupport_fastrtps_cppExport-noconfig.cmake
-- Installing: /home/panik_bel/ros2_ws/install/fake_tag_interfaces/share/fake_tag_interfaces/cmake/fake_tag_interfaces__rosidl_typesupport_introspection_cppExport.cmake
-- Installing: /home/panik_bel/ros2_ws/install/fake_tag_interfaces/share/fake_tag_interfaces/cmake/fake_tag_interfaces__rosidl_typesupport_introspection_cppExport-noconfig.cmake
-- Installing: /home/panik_bel/ros2_ws/install/fake_tag_interfaces/share/fake_tag_interfaces/cmake/fake_tag_interfaces__rosidl_typesupport_cppExport.cmake
-- Installing: /home/panik_bel/ros2_ws/install/fake_tag_interfaces/share/fake_tag_interfaces/cmake/fake_tag_interfaces__rosidl_typesupport_cppExport-noconfig.cmake
-- Installing: /home/panik_bel/ros2_ws/install/fake_tag_interfaces/share/fake_tag_interfaces/cmake/export_fake_tag_interfaces__rosidl_generator_pyExport.cmake
-- Installing: /home/panik_bel/ros2_ws/install/fake_tag_interfaces/share/fake_tag_interfaces/cmake/export_fake_tag_interfaces__rosidl_generator_pyExport-noconfig.cmake
-- Installing: /home/panik_bel/ros2_ws/install/fake_tag_interfaces/share/fake_tag_interfaces/cmake/rosidl_cmake-extras.cmake
-- Installing: /home/panik_bel/ros2_ws/install/fake_tag_interfaces/share/fake_tag_interfaces/cmake/ament_cmake_export_dependencies-extras.cmake
-- Installing: /home/panik_bel/ros2_ws/install/fake_tag_interfaces/share/fake_tag_interfaces/cmake/ament_cmake_export_include_directories-extras.cmake
-- Installing: /home/panik_bel/ros2_ws/install/fake_tag_interfaces/share/fake_tag_interfaces/cmake/ament_cmake_export_libraries-extras.cmake
-- Installing: /home/panik_bel/ros2_ws/install/fake_tag_interfaces/share/fake_tag_interfaces/cmake/ament_cmake_export_targets-extras.cmake
-- Installing: /home/panik_bel/ros2_ws/install/fake_tag_interfaces/share/fake_tag_interfaces/cmake/rosidl_cmake_export_typesupport_targets-extras.cmake
-- Installing: /home/panik_bel/ros2_ws/install/fake_tag_interfaces/share/fake_tag_interfaces/cmake/rosidl_cmake_export_typesupport_libraries-extras.cmake
-- Installing: /home/panik_bel/ros2_ws/install/fake_tag_interfaces/share/fake_tag_interfaces/cmake/fake_tag_interfacesConfig.cmake
-- Installing: /home/panik_bel/ros2_ws/install/fake_tag_interfaces/share/fake_tag_interfaces/cmake/fake_tag_interfacesConfig-version.cmake
-- Installing: /home/panik_bel/ros2_ws/install/fake_tag_interfaces/share/fake_tag_interfaces/package.xml
